Log file open, 03/04/22 13:45:14
LogWindows: Failed to load 'aqProf.dll' (GetLastError=126)
LogWindows: File 'aqProf.dll' does not exist
LogWindows: Failed to load 'VtuneApi.dll' (GetLastError=126)
LogWindows: File 'VtuneApi.dll' does not exist
LogWindows: Failed to load 'VtuneApi32e.dll' (GetLastError=126)
LogWindows: File 'VtuneApi32e.dll' does not exist
LogConsoleResponse: Display: Failed to find resolution value strings in scalability ini. Falling back to default.
LogConsoleResponse: Display: Failed to find resolution value strings in scalability ini. Falling back to default.
LogInit: Display: Running engine for game: TTA_GSA
LogPlatformFile: Not using cached read wrapper
LogTaskGraph: Started task graph with 5 named threads and 35 total threads with 3 sets of task threads.
LogStats: Stats thread started at 0.326230
LogICUInternationalization: ICU TimeZone Detection - Raw Offset: -6:00, Platform Override: ''
LogInit: Display: Loading text-based GConfig....
LogPluginManager: Mounting plugin MeshPainting
LogPluginManager: Mounting plugin XGEController
LogPluginManager: Mounting plugin Paper2D
LogPluginManager: Mounting plugin AISupport
LogPluginManager: Mounting plugin LiveLink
LogPluginManager: Mounting plugin LightPropagationVolume
LogPluginManager: Mounting plugin EnvironmentQueryEditor
LogPluginManager: Mounting plugin GameplayCameras
LogPluginManager: Mounting plugin CameraShakePreviewer
LogPluginManager: Mounting plugin CodeLiteSourceCodeAccess
LogPluginManager: Mounting plugin AnimationSharing
LogPluginManager: Mounting plugin CLionSourceCodeAccess
LogPluginManager: Mounting plugin KDevelopSourceCodeAccess
LogPluginManager: Mounting plugin GitSourceControl
LogPluginManager: Mounting plugin PerforceSourceControl
LogPluginManager: Mounting plugin NullSourceCodeAccess
LogPluginManager: Mounting plugin PixWinPlugin
LogPluginManager: Mounting plugin PlasticSourceControl
LogPluginManager: Mounting plugin PropertyAccessNode
LogPluginManager: Mounting plugin PluginUtils
LogPluginManager: Mounting plugin SubversionSourceControl
LogPluginManager: Mounting plugin RiderSourceCodeAccess
LogPluginManager: Mounting plugin TextureFormatOodle
LogPluginManager: Mounting plugin UObjectPlugin
LogPluginManager: Mounting plugin VisualStudioCodeSourceCodeAccess
LogPluginManager: Mounting plugin VisualStudioSourceCodeAccess
LogPluginManager: Mounting plugin CryptoKeys
LogPluginManager: Mounting plugin AssetManagerEditor
LogPluginManager: Mounting plugin XCodeSourceCodeAccess
LogPluginManager: Mounting plugin DataValidation
LogPluginManager: Mounting plugin CurveEditorTools
LogPluginManager: Mounting plugin FacialAnimation
LogPluginManager: Mounting plugin GameplayTagsEditor
LogPluginManager: Mounting plugin GeometryMode
LogPluginManager: Mounting plugin MacGraphicsSwitching
LogPluginManager: Mounting plugin MaterialAnalyzer
LogPluginManager: Mounting plugin SpeedTreeImporter
LogPluginManager: Mounting plugin PluginBrowser
LogPluginManager: Mounting plugin MobileLauncherProfileWizard
LogPluginManager: Mounting plugin OodleNetwork
LogPluginManager: Mounting plugin OodleData
LogPluginManager: Mounting plugin DatasmithContent
LogPluginManager: Mounting plugin Niagara
LogPluginManager: Mounting plugin MagicLeap
LogPluginManager: Mounting plugin LuminPlatformFeatures
LogPluginManager: Mounting plugin MagicLeapMedia
LogPluginManager: Mounting plugin MagicLeapPassableWorld
LogPluginManager: Mounting plugin MLSDK
LogPluginManager: Mounting plugin VariantManagerContent
LogPluginManager: Mounting plugin AlembicImporter
LogPluginManager: Mounting plugin AutomationUtils
LogPluginManager: Mounting plugin BackChannel
LogPluginManager: Mounting plugin ChaosClothEditor
LogPluginManager: Mounting plugin ChaosCloth
LogPluginManager: Mounting plugin ChaosEditor
LogPluginManager: Mounting plugin ChaosSolverPlugin
LogPluginManager: Mounting plugin ChaosNiagara
LogPluginManager: Mounting plugin CharacterAI
LogPluginManager: Mounting plugin GeometryCache
LogPluginManager: Mounting plugin GeometryProcessing
LogPluginManager: Mounting plugin GeometryCollectionPlugin
LogPluginManager: Mounting plugin MagicLeapLightEstimation
LogPluginManager: Mounting plugin MotoSynth
LogPluginManager: Mounting plugin OpenImageDenoise
LogPluginManager: Mounting plugin PlanarCut
LogPluginManager: Mounting plugin PlatformCrypto
LogPluginManager: Mounting plugin PythonScriptPlugin
LogPluginManager: Mounting plugin ProxyLODPlugin
LogPluginManager: Mounting plugin TcpMessaging
LogPluginManager: Mounting plugin UdpMessaging
LogPluginManager: Mounting plugin SkeletalReduction
LogPluginManager: Mounting plugin OnlineSubsystem
LogPluginManager: Mounting plugin ActorSequence
LogPluginManager: Mounting plugin LevelSequenceEditor
LogPluginManager: Mounting plugin MatineeToLevelSequence
LogPluginManager: Mounting plugin AndroidMedia
LogPluginManager: Mounting plugin OnlineSubsystemNull
LogPluginManager: Mounting plugin OnlineSubsystemUtils
LogPluginManager: Mounting plugin AvfMedia
LogPluginManager: Mounting plugin TemplateSequence
LogPluginManager: Mounting plugin ImgMedia
LogPluginManager: Mounting plugin MediaCompositing
LogPluginManager: Mounting plugin MediaPlayerEditor
LogPluginManager: Mounting plugin WebMMedia
LogPluginManager: Mounting plugin WmfMedia
LogPluginManager: Mounting plugin AndroidPermission
LogPluginManager: Mounting plugin AndroidMoviePlayer
LogPluginManager: Mounting plugin AndroidDeviceProfileSelector
LogPluginManager: Mounting plugin ActorLayerUtilities
LogPluginManager: Mounting plugin AppleImageUtils
LogPluginManager: Mounting plugin AudioCapture
LogPluginManager: Mounting plugin ArchVisCharacter
LogPluginManager: Mounting plugin AppleMoviePlayer
LogPluginManager: Mounting plugin AssetTags
LogPluginManager: Mounting plugin AudioSynesthesia
LogPluginManager: Mounting plugin CableComponent
LogPluginManager: Mounting plugin CustomMeshComponent
LogPluginManager: Mounting plugin ChunkDownloader
LogPluginManager: Mounting plugin EditableMesh
LogPluginManager: Mounting plugin ExampleDeviceProfileSelector
LogPluginManager: Mounting plugin GoogleCloudMessaging
LogPluginManager: Mounting plugin GooglePAD
LogPluginManager: Mounting plugin IOSDeviceProfileSelector
LogPluginManager: Mounting plugin LinuxDeviceProfileSelector
LogPluginManager: Mounting plugin LocationServicesBPLibrary
LogPluginManager: Mounting plugin MobilePatchingUtils
LogPluginManager: Mounting plugin OpenXR
LogPluginManager: Mounting plugin OpenXRHandTracking
LogPluginManager: Mounting plugin LauncherChunkInstaller
LogPluginManager: Mounting plugin PhysXVehicles
LogPluginManager: Mounting plugin PostSplashScreen
LogPluginManager: Mounting plugin PropertyAccessEditor
LogPluginManager: Mounting plugin ProceduralMeshComponent
LogPluginManager: Mounting plugin OpenXREyeTracker
LogPluginManager: Mounting plugin RuntimePhysXCooking
LogPluginManager: Mounting plugin ScreenshotTools
LogPluginManager: Mounting plugin SignificanceManager
LogPluginManager: Mounting plugin SoundFields
LogPluginManager: Mounting plugin Synthesis
LogPluginManager: Mounting plugin WebMMoviePlayer
LogPluginManager: Mounting plugin WindowsMoviePlayer
LogPluginManager: Mounting plugin Takes
LogPluginManager: Mounting plugin ContentBrowserFileDataSource
LogPluginManager: Mounting plugin ContentBrowserClassDataSource
LogPluginManager: Mounting plugin ContentBrowserAssetDataSource
LogPluginManager: Mounting plugin OnlineSubsystemGooglePlay
LogPluginManager: Mounting plugin OnlineSubsystemIOS
LogPluginManager: Mounting plugin OculusVR
LogPluginManager: Mounting plugin SteamVR
PixWinPlugin: PIX capture plugin failed to initialize! Check that the process is launched from PIX.
LogInit: Using libcurl 7.55.1-DEV
LogInit:  - built for x86_64-pc-win32
LogInit:  - supports SSL with OpenSSL/1.1.1
LogInit:  - supports HTTP deflate (compression) using libz 1.2.8
LogInit:  - other features:
LogInit:      CURL_VERSION_SSL
LogInit:      CURL_VERSION_LIBZ
LogInit:      CURL_VERSION_IPV6
LogInit:      CURL_VERSION_ASYNCHDNS
LogInit:      CURL_VERSION_LARGEFILE
LogInit:      CURL_VERSION_IDN
LogInit:  CurlRequestOptions (configurable via config and command line):
LogInit:  - bVerifyPeer = true  - Libcurl will verify peer certificate
LogInit:  - bUseHttpProxy = false  - Libcurl will NOT use HTTP proxy
LogInit:  - bDontReuseConnections = false  - Libcurl will reuse connections
LogInit:  - MaxHostConnections = 16  - Libcurl will limit the number of connections to a host
LogInit:  - LocalHostAddr = Default
LogInit:  - BufferSize = 65536
LogOnline: OSS: Creating online subsystem instance for: NULL
LogInit: WinSock: version 1.1 (2.2), MaxSocks=32767, MaxUdp=65467
LogOnline: OSS: TryLoadSubsystemAndSetDefault: Loaded subsystem for module [NULL]
LogOculusPluginWrapper: OculusPlugin initialized successfully
LogHMD: Failed initializing OVRPlugin 1.59.0
LogInit: Build: ++UE4+Release-4.27-CL-18319896
LogInit: Engine Version: 4.27.2-18319896+++UE4+Release-4.27
LogInit: Compatible Engine Version: 4.27.0-17155196+++UE4+Release-4.27
LogInit: Net CL: 17155196
LogInit: OS: Windows 10 (Release 2009) (), CPU: Intel(R) Core(TM) i7-8700 CPU @ 3.20GHz, GPU: NVIDIA GeForce GTX 1070
LogInit: Compiled (64-bit): Nov 30 2021 07:12:08
LogInit: Compiled with Visual C++: 19.24.28315.00
LogInit: Build Configuration: Development
LogInit: Branch Name: ++UE4+Release-4.27
LogInit: Command Line:  /Game/Levels/GameMap -game -PIEVIACONSOLE -Multiprocess GameUserSettingsINI=F:/gitRep/The-Tech-Academy-CPP-and-Unreal-Engine-Projects/GameSubmissionAssignment/TTA_GSA/Saved/Config/Windows/PIEGameUserSettings0.ini -MultiprocessSaveConfig -forcepassthrough -messaging -SessionName="Play in Standalone Game" -windowed -ResX=1280 -ResY=720
LogInit: Base Directory: F:/UE_4.27/Engine/Binaries/Win64/
LogInit: Allocator: TBB
LogInit: Installed Engine Build: 1
LogDevObjectVersion: Number of dev versions registered: 29
LogDevObjectVersion:   Dev-Blueprints (B0D832E4-1F89-4F0D-ACCF-7EB736FD4AA2): 10
LogDevObjectVersion:   Dev-Build (E1C64328-A22C-4D53-A36C-8E866417BD8C): 0
LogDevObjectVersion:   Dev-Core (375EC13C-06E4-48FB-B500-84F0262A717E): 4
LogDevObjectVersion:   Dev-Editor (E4B068ED-F494-42E9-A231-DA0B2E46BB41): 40
LogDevObjectVersion:   Dev-Framework (CFFC743F-43B0-4480-9391-14DF171D2073): 37
LogDevObjectVersion:   Dev-Mobile (B02B49B5-BB20-44E9-A304-32B752E40360): 3
LogDevObjectVersion:   Dev-Networking (A4E4105C-59A1-49B5-A7C5-40C4547EDFEE): 0
LogDevObjectVersion:   Dev-Online (39C831C9-5AE6-47DC-9A44-9C173E1C8E7C): 0
LogDevObjectVersion:   Dev-Physics (78F01B33-EBEA-4F98-B9B4-84EACCB95AA2): 14
LogDevObjectVersion:   Dev-Platform (6631380F-2D4D-43E0-8009-CF276956A95A): 0
LogDevObjectVersion:   Dev-Rendering (12F88B9F-8875-4AFC-A67C-D90C383ABD29): 45
LogDevObjectVersion:   Dev-Sequencer (7B5AE74C-D270-4C10-A958-57980B212A5A): 13
LogDevObjectVersion:   Dev-VR (D7296918-1DD6-4BDD-9DE2-64A83CC13884): 3
LogDevObjectVersion:   Dev-LoadTimes (C2A15278-BFE7-4AFE-6C17-90FF531DF755): 1
LogDevObjectVersion:   Private-Geometry (6EACA3D4-40EC-4CC1-B786-8BED09428FC5): 3
LogDevObjectVersion:   Dev-AnimPhys (29E575DD-E0A3-4627-9D10-D276232CDCEA): 17
LogDevObjectVersion:   Dev-Anim (AF43A65D-7FD3-4947-9873-3E8ED9C1BB05): 15
LogDevObjectVersion:   Dev-ReflectionCapture (6B266CEC-1EC7-4B8F-A30B-E4D90942FC07): 1
LogDevObjectVersion:   Dev-Automation (0DF73D61-A23F-47EA-B727-89E90C41499A): 1
LogDevObjectVersion:   FortniteMain (601D1886-AC64-4F84-AA16-D3DE0DEAC7D6): 47
LogDevObjectVersion:   FortniteRelease (E7086368-6B23-4C58-8439-1B7016265E91): 1
LogDevObjectVersion:   Dev-Enterprise (9DFFBCD6-494F-0158-E221-12823C92A888): 10
LogDevObjectVersion:   Dev-Niagara (F2AED0AC-9AFE-416F-8664-AA7FFA26D6FC): 1
LogDevObjectVersion:   Dev-Destruction (174F1F0B-B4C6-45A5-B13F-2EE8D0FB917D): 10
LogDevObjectVersion:   Dev-Physics-Ext (35F94A83-E258-406C-A318-09F59610247C): 41
LogDevObjectVersion:   Dev-PhysicsMaterial-Chaos (B68FC16E-8B1B-42E2-B453-215C058844FE): 1
LogDevObjectVersion:   Dev-CineCamera (B2E18506-4273-CFC2-A54E-F4BB758BBA07): 1
LogDevObjectVersion:   Dev-VirtualProduction (64F58936-FD1B-42BA-BA96-7289D5D0FA4E): 1
LogDevObjectVersion:   Dev-MediaFramework (6F0ED827-A609-4895-9C91-998D90180EA4): 2
LogInit: Presizing for max 25165824 objects, including 0 objects not considered by GC, pre-allocating 0 bytes for permanent pool.
LogConfig: Applying CVar settings from Section [/Script/Engine.StreamingSettings] File [F:/gitRep/The-Tech-Academy-CPP-and-Unreal-Engine-Projects/GameSubmissionAssignment/TTA_GSA/Saved/Config/Windows/Engine.ini]
LogConfig: Setting CVar [[s.MinBulkDataSizeForAsyncLoading:131072]]
LogConfig: Setting CVar [[s.AsyncLoadingThreadEnabled:0]]
LogConfig: Setting CVar [[s.EventDrivenLoaderEnabled:1]]
LogConfig: Setting CVar [[s.WarnIfTimeLimitExceeded:0]]
LogConfig: Setting CVar [[s.TimeLimitExceededMultiplier:1.5]]
LogConfig: Setting CVar [[s.TimeLimitExceededMinTime:0.005]]
LogConfig: Setting CVar [[s.UseBackgroundLevelStreaming:1]]
LogConfig: Setting CVar [[s.PriorityAsyncLoadingExtraTime:15.0]]
LogConfig: Setting CVar [[s.LevelStreamingActorsUpdateTimeLimit:5.0]]
LogConfig: Setting CVar [[s.PriorityLevelStreamingActorsUpdateExtraTime:5.0]]
LogConfig: Setting CVar [[s.LevelStreamingComponentsRegistrationGranularity:10]]
LogConfig: Setting CVar [[s.UnregisterComponentsTimeLimit:1.0]]
LogConfig: Setting CVar [[s.LevelStreamingComponentsUnregistrationGranularity:5]]
LogConfig: Setting CVar [[s.FlushStreamingOnExit:1]]
LogInit: Object subsystem initialized
LogConfig: Setting CVar [[con.DebugEarlyDefault:1]]
LogConfig: Setting CVar [[r.setres:1280x720]]
[2022.03.04-19.45.14:801][  0]LogConfig: Setting CVar [[con.DebugEarlyDefault:1]]
[2022.03.04-19.45.14:801][  0]LogConfig: Setting CVar [[r.setres:1280x720]]
[2022.03.04-19.45.14:801][  0]LogConfig: Applying CVar settings from Section [/Script/Engine.RendererSettings] File [F:/gitRep/The-Tech-Academy-CPP-and-Unreal-Engine-Projects/GameSubmissionAssignment/TTA_GSA/Saved/Config/Windows/Engine.ini]
[2022.03.04-19.45.14:801][  0]LogConfig: Setting CVar [[r.GPUCrashDebugging:0]]
[2022.03.04-19.45.14:801][  0]LogConfig: Applying CVar settings from Section [/Script/Engine.RendererOverrideSettings] File [F:/gitRep/The-Tech-Academy-CPP-and-Unreal-Engine-Projects/GameSubmissionAssignment/TTA_GSA/Saved/Config/Windows/Engine.ini]
[2022.03.04-19.45.14:801][  0]LogConfig: Applying CVar settings from Section [/Script/Engine.StreamingSettings] File [F:/gitRep/The-Tech-Academy-CPP-and-Unreal-Engine-Projects/GameSubmissionAssignment/TTA_GSA/Saved/Config/Windows/Engine.ini]
[2022.03.04-19.45.14:801][  0]LogConfig: Setting CVar [[s.MinBulkDataSizeForAsyncLoading:131072]]
[2022.03.04-19.45.14:801][  0]LogConfig: Setting CVar [[s.AsyncLoadingThreadEnabled:0]]
[2022.03.04-19.45.14:801][  0]LogConfig: Setting CVar [[s.EventDrivenLoaderEnabled:1]]
[2022.03.04-19.45.14:801][  0]LogConfig: Setting CVar [[s.WarnIfTimeLimitExceeded:0]]
[2022.03.04-19.45.14:801][  0]LogConfig: Setting CVar [[s.TimeLimitExceededMultiplier:1.5]]
[2022.03.04-19.45.14:801][  0]LogConfig: Setting CVar [[s.TimeLimitExceededMinTime:0.005]]
[2022.03.04-19.45.14:801][  0]LogConfig: Setting CVar [[s.UseBackgroundLevelStreaming:1]]
[2022.03.04-19.45.14:801][  0]LogConfig: Setting CVar [[s.PriorityAsyncLoadingExtraTime:15.0]]
[2022.03.04-19.45.14:801][  0]LogConfig: Setting CVar [[s.LevelStreamingActorsUpdateTimeLimit:5.0]]
[2022.03.04-19.45.14:801][  0]LogConfig: Setting CVar [[s.PriorityLevelStreamingActorsUpdateExtraTime:5.0]]
[2022.03.04-19.45.14:801][  0]LogConfig: Setting CVar [[s.LevelStreamingComponentsRegistrationGranularity:10]]
[2022.03.04-19.45.14:801][  0]LogConfig: Setting CVar [[s.UnregisterComponentsTimeLimit:1.0]]
[2022.03.04-19.45.14:801][  0]LogConfig: Setting CVar [[s.LevelStreamingComponentsUnregistrationGranularity:5]]
[2022.03.04-19.45.14:801][  0]LogConfig: Setting CVar [[s.FlushStreamingOnExit:1]]
[2022.03.04-19.45.14:801][  0]LogConfig: Applying CVar settings from Section [/Script/Engine.GarbageCollectionSettings] File [F:/gitRep/The-Tech-Academy-CPP-and-Unreal-Engine-Projects/GameSubmissionAssignment/TTA_GSA/Saved/Config/Windows/Engine.ini]
[2022.03.04-19.45.14:801][  0]LogConfig: Setting CVar [[gc.MaxObjectsNotConsideredByGC:1]]
[2022.03.04-19.45.14:801][  0]LogConfig: Setting CVar [[gc.SizeOfPermanentObjectPool:0]]
[2022.03.04-19.45.14:801][  0]LogConfig: Setting CVar [[gc.FlushStreamingOnGC:0]]
[2022.03.04-19.45.14:801][  0]LogConfig: Setting CVar [[gc.NumRetriesBeforeForcingGC:10]]
[2022.03.04-19.45.14:801][  0]LogConfig: Setting CVar [[gc.AllowParallelGC:1]]
[2022.03.04-19.45.14:801][  0]LogConfig: Setting CVar [[gc.TimeBetweenPurgingPendingKillObjects:61.1]]
[2022.03.04-19.45.14:801][  0]LogConfig: Setting CVar [[gc.MaxObjectsInEditor:25165824]]
[2022.03.04-19.45.14:801][  0]LogConfig: Setting CVar [[gc.IncrementalBeginDestroyEnabled:1]]
[2022.03.04-19.45.14:801][  0]LogConfig: Setting CVar [[gc.CreateGCClusters:1]]
[2022.03.04-19.45.14:801][  0]LogConfig: Setting CVar [[gc.MinGCClusterSize:5]]
[2022.03.04-19.45.14:801][  0]LogConfig: Setting CVar [[gc.ActorClusteringEnabled:0]]
[2022.03.04-19.45.14:801][  0]LogConfig: Setting CVar [[gc.BlueprintClusteringEnabled:0]]
[2022.03.04-19.45.14:801][  0]LogConfig: Setting CVar [[gc.UseDisregardForGCOnDedicatedServers:0]]
[2022.03.04-19.45.14:801][  0]LogConfig: Setting CVar [[gc.MultithreadedDestructionEnabled:1]]
[2022.03.04-19.45.14:801][  0]LogConfig: Applying CVar settings from Section [/Script/Engine.NetworkSettings] File [F:/gitRep/The-Tech-Academy-CPP-and-Unreal-Engine-Projects/GameSubmissionAssignment/TTA_GSA/Saved/Config/Windows/Engine.ini]
[2022.03.04-19.45.14:801][  0]LogConfig: Applying CVar settings from Section [/Script/UnrealEd.CookerSettings] File [F:/gitRep/The-Tech-Academy-CPP-and-Unreal-Engine-Projects/GameSubmissionAssignment/TTA_GSA/Saved/Config/Windows/Engine.ini]
[2022.03.04-19.45.14:814][  0]LogConfig: Applying CVar settings from Section [ViewDistanceQuality@3] File [F:/gitRep/The-Tech-Academy-CPP-and-Unreal-Engine-Projects/GameSubmissionAssignment/TTA_GSA/Saved/Config/Windows/Scalability.ini]
[2022.03.04-19.45.14:814][  0]LogConfig: Setting CVar [[r.SkeletalMeshLODBias:0]]
[2022.03.04-19.45.14:814][  0]LogConfig: Setting CVar [[r.ViewDistanceScale:1.0]]
[2022.03.04-19.45.14:814][  0]LogConfig: Applying CVar settings from Section [AntiAliasingQuality@3] File [F:/gitRep/The-Tech-Academy-CPP-and-Unreal-Engine-Projects/GameSubmissionAssignment/TTA_GSA/Saved/Config/Windows/Scalability.ini]
[2022.03.04-19.45.14:814][  0]LogConfig: Setting CVar [[r.PostProcessAAQuality:4]]
[2022.03.04-19.45.14:814][  0]LogConfig: Applying CVar settings from Section [ShadowQuality@3] File [F:/gitRep/The-Tech-Academy-CPP-and-Unreal-Engine-Projects/GameSubmissionAssignment/TTA_GSA/Saved/Config/Windows/Scalability.ini]
[2022.03.04-19.45.14:814][  0]LogConfig: Setting CVar [[r.LightFunctionQuality:1]]
[2022.03.04-19.45.14:814][  0]LogConfig: Setting CVar [[r.ShadowQuality:5]]
[2022.03.04-19.45.14:814][  0]LogConfig: Setting CVar [[r.Shadow.CSM.MaxCascades:10]]
[2022.03.04-19.45.14:814][  0]LogConfig: Setting CVar [[r.Shadow.MaxResolution:2048]]
[2022.03.04-19.45.14:814][  0]LogConfig: Setting CVar [[r.Shadow.MaxCSMResolution:2048]]
[2022.03.04-19.45.14:814][  0]LogConfig: Setting CVar [[r.Shadow.RadiusThreshold:0.01]]
[2022.03.04-19.45.14:814][  0]LogConfig: Setting CVar [[r.Shadow.DistanceScale:1.0]]
[2022.03.04-19.45.14:814][  0]LogConfig: Setting CVar [[r.Shadow.CSM.TransitionScale:1.0]]
[2022.03.04-19.45.14:814][  0]LogConfig: Setting CVar [[r.Shadow.PreShadowResolutionFactor:1.0]]
[2022.03.04-19.45.14:814][  0]LogConfig: Setting CVar [[r.DistanceFieldShadowing:1]]
[2022.03.04-19.45.14:814][  0]LogConfig: Setting CVar [[r.DistanceFieldAO:1]]
[2022.03.04-19.45.14:814][  0]LogConfig: Setting CVar [[r.AOQuality:2]]
[2022.03.04-19.45.14:814][  0]LogConfig: Setting CVar [[r.VolumetricFog:1]]
[2022.03.04-19.45.14:814][  0]LogConfig: Setting CVar [[r.VolumetricFog.GridPixelSize:8]]
[2022.03.04-19.45.14:814][  0]LogConfig: Setting CVar [[r.VolumetricFog.GridSizeZ:128]]
[2022.03.04-19.45.14:814][  0]LogConfig: Setting CVar [[r.VolumetricFog.HistoryMissSupersampleCount:4]]
[2022.03.04-19.45.14:815][  0]LogConfig: Setting CVar [[r.LightMaxDrawDistanceScale:1]]
[2022.03.04-19.45.14:815][  0]LogConfig: Setting CVar [[r.CapsuleShadows:1]]
[2022.03.04-19.45.14:815][  0]LogConfig: Applying CVar settings from Section [PostProcessQuality@3] File [F:/gitRep/The-Tech-Academy-CPP-and-Unreal-Engine-Projects/GameSubmissionAssignment/TTA_GSA/Saved/Config/Windows/Scalability.ini]
[2022.03.04-19.45.14:815][  0]LogConfig: Setting CVar [[r.MotionBlurQuality:4]]
[2022.03.04-19.45.14:815][  0]LogConfig: Setting CVar [[r.AmbientOcclusionMipLevelFactor:0.4]]
[2022.03.04-19.45.14:815][  0]LogConfig: Setting CVar [[r.AmbientOcclusionMaxQuality:100]]
[2022.03.04-19.45.14:815][  0]LogConfig: Setting CVar [[r.AmbientOcclusionLevels:-1]]
[2022.03.04-19.45.14:815][  0]LogConfig: Setting CVar [[r.AmbientOcclusionRadiusScale:1.0]]
[2022.03.04-19.45.14:815][  0]LogConfig: Setting CVar [[r.DepthOfFieldQuality:2]]
[2022.03.04-19.45.14:815][  0]LogConfig: Setting CVar [[r.RenderTargetPoolMin:400]]
[2022.03.04-19.45.14:815][  0]LogConfig: Setting CVar [[r.LensFlareQuality:2]]
[2022.03.04-19.45.14:815][  0]LogConfig: Setting CVar [[r.SceneColorFringeQuality:1]]
[2022.03.04-19.45.14:815][  0]LogConfig: Setting CVar [[r.EyeAdaptationQuality:2]]
[2022.03.04-19.45.14:815][  0]LogConfig: Setting CVar [[r.BloomQuality:5]]
[2022.03.04-19.45.14:815][  0]LogConfig: Setting CVar [[r.FastBlurThreshold:100]]
[2022.03.04-19.45.14:815][  0]LogConfig: Setting CVar [[r.Upscale.Quality:3]]
[2022.03.04-19.45.14:815][  0]LogConfig: Setting CVar [[r.Tonemapper.GrainQuantization:1]]
[2022.03.04-19.45.14:815][  0]LogConfig: Setting CVar [[r.LightShaftQuality:1]]
[2022.03.04-19.45.14:815][  0]LogConfig: Setting CVar [[r.Filter.SizeScale:1]]
[2022.03.04-19.45.14:815][  0]LogConfig: Setting CVar [[r.Tonemapper.Quality:5]]
[2022.03.04-19.45.14:815][  0]LogConfig: Setting CVar [[r.DOF.Gather.AccumulatorQuality:1        ; higher gathering accumulator quality]]
[2022.03.04-19.45.14:815][  0]LogConfig: Setting CVar [[r.DOF.Gather.PostfilterMethod:1          ; Median3x3 postfilering method]]
[2022.03.04-19.45.14:815][  0]LogConfig: Setting CVar [[r.DOF.Gather.EnableBokehSettings:0       ; no bokeh simulation when gathering]]
[2022.03.04-19.45.14:815][  0]LogConfig: Setting CVar [[r.DOF.Gather.RingCount:4                 ; medium number of samples when gathering]]
[2022.03.04-19.45.14:815][  0]LogConfig: Setting CVar [[r.DOF.Scatter.ForegroundCompositing:1    ; additive foreground scattering]]
[2022.03.04-19.45.14:815][  0]LogConfig: Setting CVar [[r.DOF.Scatter.BackgroundCompositing:2    ; additive background scattering]]
[2022.03.04-19.45.14:815][  0]LogConfig: Setting CVar [[r.DOF.Scatter.EnableBokehSettings:1      ; bokeh simulation when scattering]]
[2022.03.04-19.45.14:815][  0]LogConfig: Setting CVar [[r.DOF.Scatter.MaxSpriteRatio:0.1         ; only a maximum of 10% of scattered bokeh]]
[2022.03.04-19.45.14:815][  0]LogConfig: Setting CVar [[r.DOF.Recombine.Quality:1                ; cheap slight out of focus]]
[2022.03.04-19.45.14:815][  0]LogConfig: Setting CVar [[r.DOF.Recombine.EnableBokehSettings:0    ; no bokeh simulation on slight out of focus]]
[2022.03.04-19.45.14:815][  0]LogConfig: Setting CVar [[r.DOF.TemporalAAQuality:1                ; more stable temporal accumulation]]
[2022.03.04-19.45.14:815][  0]LogConfig: Setting CVar [[r.DOF.Kernel.MaxForegroundRadius:0.025]]
[2022.03.04-19.45.14:815][  0]LogConfig: Setting CVar [[r.DOF.Kernel.MaxBackgroundRadius:0.025]]
[2022.03.04-19.45.14:815][  0]LogConfig: Applying CVar settings from Section [TextureQuality@3] File [F:/gitRep/The-Tech-Academy-CPP-and-Unreal-Engine-Projects/GameSubmissionAssignment/TTA_GSA/Saved/Config/Windows/Scalability.ini]
[2022.03.04-19.45.14:815][  0]LogConfig: Setting CVar [[r.Streaming.MipBias:0]]
[2022.03.04-19.45.14:815][  0]LogConfig: Setting CVar [[r.Streaming.AmortizeCPUToGPUCopy:0]]
[2022.03.04-19.45.14:815][  0]LogConfig: Setting CVar [[r.Streaming.MaxNumTexturesToStreamPerFrame:0]]
[2022.03.04-19.45.14:815][  0]LogConfig: Setting CVar [[r.Streaming.Boost:1]]
[2022.03.04-19.45.14:815][  0]LogConfig: Setting CVar [[r.MaxAnisotropy:8]]
[2022.03.04-19.45.14:815][  0]LogConfig: Setting CVar [[r.VT.MaxAnisotropy:8]]
[2022.03.04-19.45.14:815][  0]LogConfig: Setting CVar [[r.Streaming.LimitPoolSizeToVRAM:0]]
[2022.03.04-19.45.14:815][  0]LogConfig: Setting CVar [[r.Streaming.PoolSize:1000]]
[2022.03.04-19.45.14:815][  0]LogConfig: Setting CVar [[r.Streaming.MaxEffectiveScreenSize:0]]
[2022.03.04-19.45.14:815][  0]LogConfig: Applying CVar settings from Section [EffectsQuality@3] File [F:/gitRep/The-Tech-Academy-CPP-and-Unreal-Engine-Projects/GameSubmissionAssignment/TTA_GSA/Saved/Config/Windows/Scalability.ini]
[2022.03.04-19.45.14:815][  0]LogConfig: Setting CVar [[r.TranslucencyLightingVolumeDim:64]]
[2022.03.04-19.45.14:815][  0]LogConfig: Setting CVar [[r.RefractionQuality:2]]
[2022.03.04-19.45.14:815][  0]LogConfig: Setting CVar [[r.SSR.Quality:3]]
[2022.03.04-19.45.14:815][  0]LogConfig: Setting CVar [[r.SSR.HalfResSceneColor:0]]
[2022.03.04-19.45.14:815][  0]LogConfig: Setting CVar [[r.SceneColorFormat:4]]
[2022.03.04-19.45.14:815][  0]LogConfig: Setting CVar [[r.DetailMode:2]]
[2022.03.04-19.45.14:815][  0]LogConfig: Setting CVar [[r.TranslucencyVolumeBlur:1]]
[2022.03.04-19.45.14:815][  0]LogConfig: Setting CVar [[r.MaterialQualityLevel:1 ; High quality]]
[2022.03.04-19.45.14:815][  0]LogConfig: Setting CVar [[r.AnisotropicMaterials:1]]
[2022.03.04-19.45.14:815][  0]LogConfig: Setting CVar [[r.SSS.Scale:1]]
[2022.03.04-19.45.14:815][  0]LogConfig: Setting CVar [[r.SSS.SampleSet:2]]
[2022.03.04-19.45.14:815][  0]LogConfig: Setting CVar [[r.SSS.Quality:1]]
[2022.03.04-19.45.14:815][  0]LogConfig: Setting CVar [[r.SSS.HalfRes:0]]
[2022.03.04-19.45.14:815][  0]LogConfig: Setting CVar [[r.SSGI.Quality:3]]
[2022.03.04-19.45.14:815][  0]LogConfig: Setting CVar [[r.EmitterSpawnRateScale:1.0]]
[2022.03.04-19.45.14:815][  0]LogConfig: Setting CVar [[r.ParticleLightQuality:2]]
[2022.03.04-19.45.14:815][  0]LogConfig: Setting CVar [[r.SkyAtmosphere.AerialPerspectiveLUT.FastApplyOnOpaque:1 ; Always have FastSkyLUT 1 in this case to avoid wrong sky]]
[2022.03.04-19.45.14:815][  0]LogConfig: Setting CVar [[r.SkyAtmosphere.AerialPerspectiveLUT.SampleCountMaxPerSlice:4]]
[2022.03.04-19.45.14:815][  0]LogConfig: Setting CVar [[r.SkyAtmosphere.AerialPerspectiveLUT.DepthResolution:16.0]]
[2022.03.04-19.45.14:815][  0]LogConfig: Setting CVar [[r.SkyAtmosphere.FastSkyLUT:1]]
[2022.03.04-19.45.14:815][  0]LogConfig: Setting CVar [[r.SkyAtmosphere.FastSkyLUT.SampleCountMin:4.0]]
[2022.03.04-19.45.14:815][  0]LogConfig: Setting CVar [[r.SkyAtmosphere.FastSkyLUT.SampleCountMax:128.0]]
[2022.03.04-19.45.14:815][  0]LogConfig: Setting CVar [[r.SkyAtmosphere.SampleCountMin:4.0]]
[2022.03.04-19.45.14:815][  0]LogConfig: Setting CVar [[r.SkyAtmosphere.SampleCountMax:128.0]]
[2022.03.04-19.45.14:815][  0]LogConfig: Setting CVar [[r.SkyAtmosphere.TransmittanceLUT.UseSmallFormat:0]]
[2022.03.04-19.45.14:815][  0]LogConfig: Setting CVar [[r.SkyAtmosphere.TransmittanceLUT.SampleCount:10.0]]
[2022.03.04-19.45.14:815][  0]LogConfig: Setting CVar [[r.SkyAtmosphere.MultiScatteringLUT.SampleCount:15.0]]
[2022.03.04-19.45.14:815][  0]LogConfig: Setting CVar [[r.SkyLight.RealTimeReflectionCapture:1]]
[2022.03.04-19.45.14:815][  0]LogConfig: Applying CVar settings from Section [FoliageQuality@3] File [F:/gitRep/The-Tech-Academy-CPP-and-Unreal-Engine-Projects/GameSubmissionAssignment/TTA_GSA/Saved/Config/Windows/Scalability.ini]
[2022.03.04-19.45.14:815][  0]LogConfig: Setting CVar [[foliage.DensityScale:1.0]]
[2022.03.04-19.45.14:815][  0]LogConfig: Setting CVar [[grass.DensityScale:1.0]]
[2022.03.04-19.45.14:815][  0]LogConfig: Applying CVar settings from Section [ShadingQuality@3] File [F:/gitRep/The-Tech-Academy-CPP-and-Unreal-Engine-Projects/GameSubmissionAssignment/TTA_GSA/Saved/Config/Windows/Scalability.ini]
[2022.03.04-19.45.14:815][  0]LogConfig: Setting CVar [[r.HairStrands.SkyLighting.IntegrationType:2]]
[2022.03.04-19.45.14:815][  0]LogConfig: Setting CVar [[r.HairStrands.SkyAO.SampleCount:4]]
[2022.03.04-19.45.14:815][  0]LogConfig: Setting CVar [[r.HairStrands.Visibility.MSAA.SamplePerPixel:4]]
[2022.03.04-19.45.14:815][  0]LogInit: Selected Device Profile: [Windows]
[2022.03.04-19.45.14:815][  0]LogInit: Applying CVar settings loaded from the selected device profile: [Windows]
[2022.03.04-19.45.14:816][  0]LogHAL: Display: Platform has ~ 32 GB [34290700288 / 34359738368 / 32], which maps to Largest [LargestMinGB=32, LargerMinGB=12, DefaultMinGB=8, SmallerMinGB=6, SmallestMinGB=0)
[2022.03.04-19.45.14:816][  0]LogInit: Going up to parent DeviceProfile []
[2022.03.04-19.45.14:816][  0]LogConfig: Applying CVar settings from Section [ViewDistanceQuality@3] File [F:/gitRep/The-Tech-Academy-CPP-and-Unreal-Engine-Projects/GameSubmissionAssignment/TTA_GSA/Saved/Config/Windows/Scalability.ini]
[2022.03.04-19.45.14:816][  0]LogConfig: Setting CVar [[r.SkeletalMeshLODBias:0]]
[2022.03.04-19.45.14:816][  0]LogConfig: Setting CVar [[r.ViewDistanceScale:1.0]]
[2022.03.04-19.45.14:816][  0]LogConfig: Applying CVar settings from Section [AntiAliasingQuality@3] File [F:/gitRep/The-Tech-Academy-CPP-and-Unreal-Engine-Projects/GameSubmissionAssignment/TTA_GSA/Saved/Config/Windows/Scalability.ini]
[2022.03.04-19.45.14:816][  0]LogConfig: Setting CVar [[r.PostProcessAAQuality:4]]
[2022.03.04-19.45.14:816][  0]LogConfig: Applying CVar settings from Section [ShadowQuality@3] File [F:/gitRep/The-Tech-Academy-CPP-and-Unreal-Engine-Projects/GameSubmissionAssignment/TTA_GSA/Saved/Config/Windows/Scalability.ini]
[2022.03.04-19.45.14:816][  0]LogConfig: Setting CVar [[r.LightFunctionQuality:1]]
[2022.03.04-19.45.14:816][  0]LogConfig: Setting CVar [[r.ShadowQuality:5]]
[2022.03.04-19.45.14:816][  0]LogConfig: Setting CVar [[r.Shadow.CSM.MaxCascades:10]]
[2022.03.04-19.45.14:816][  0]LogConfig: Setting CVar [[r.Shadow.MaxResolution:2048]]
[2022.03.04-19.45.14:816][  0]LogConfig: Setting CVar [[r.Shadow.MaxCSMResolution:2048]]
[2022.03.04-19.45.14:816][  0]LogConfig: Setting CVar [[r.Shadow.RadiusThreshold:0.01]]
[2022.03.04-19.45.14:816][  0]LogConfig: Setting CVar [[r.Shadow.DistanceScale:1.0]]
[2022.03.04-19.45.14:816][  0]LogConfig: Setting CVar [[r.Shadow.CSM.TransitionScale:1.0]]
[2022.03.04-19.45.14:816][  0]LogConfig: Setting CVar [[r.Shadow.PreShadowResolutionFactor:1.0]]
[2022.03.04-19.45.14:816][  0]LogConfig: Setting CVar [[r.DistanceFieldShadowing:1]]
[2022.03.04-19.45.14:816][  0]LogConfig: Setting CVar [[r.DistanceFieldAO:1]]
[2022.03.04-19.45.14:816][  0]LogConfig: Setting CVar [[r.AOQuality:2]]
[2022.03.04-19.45.14:816][  0]LogConfig: Setting CVar [[r.VolumetricFog:1]]
[2022.03.04-19.45.14:816][  0]LogConfig: Setting CVar [[r.VolumetricFog.GridPixelSize:8]]
[2022.03.04-19.45.14:816][  0]LogConfig: Setting CVar [[r.VolumetricFog.GridSizeZ:128]]
[2022.03.04-19.45.14:816][  0]LogConfig: Setting CVar [[r.VolumetricFog.HistoryMissSupersampleCount:4]]
[2022.03.04-19.45.14:816][  0]LogConfig: Setting CVar [[r.LightMaxDrawDistanceScale:1]]
[2022.03.04-19.45.14:816][  0]LogConfig: Setting CVar [[r.CapsuleShadows:1]]
[2022.03.04-19.45.14:816][  0]LogConfig: Applying CVar settings from Section [PostProcessQuality@3] File [F:/gitRep/The-Tech-Academy-CPP-and-Unreal-Engine-Projects/GameSubmissionAssignment/TTA_GSA/Saved/Config/Windows/Scalability.ini]
[2022.03.04-19.45.14:816][  0]LogConfig: Setting CVar [[r.MotionBlurQuality:4]]
[2022.03.04-19.45.14:816][  0]LogConfig: Setting CVar [[r.AmbientOcclusionMipLevelFactor:0.4]]
[2022.03.04-19.45.14:816][  0]LogConfig: Setting CVar [[r.AmbientOcclusionMaxQuality:100]]
[2022.03.04-19.45.14:816][  0]LogConfig: Setting CVar [[r.AmbientOcclusionLevels:-1]]
[2022.03.04-19.45.14:816][  0]LogConfig: Setting CVar [[r.AmbientOcclusionRadiusScale:1.0]]
[2022.03.04-19.45.14:816][  0]LogConfig: Setting CVar [[r.DepthOfFieldQuality:2]]
[2022.03.04-19.45.14:816][  0]LogConfig: Setting CVar [[r.RenderTargetPoolMin:400]]
[2022.03.04-19.45.14:816][  0]LogConfig: Setting CVar [[r.LensFlareQuality:2]]
[2022.03.04-19.45.14:816][  0]LogConfig: Setting CVar [[r.SceneColorFringeQuality:1]]
[2022.03.04-19.45.14:816][  0]LogConfig: Setting CVar [[r.EyeAdaptationQuality:2]]
[2022.03.04-19.45.14:816][  0]LogConfig: Setting CVar [[r.BloomQuality:5]]
[2022.03.04-19.45.14:816][  0]LogConfig: Setting CVar [[r.FastBlurThreshold:100]]
[2022.03.04-19.45.14:816][  0]LogConfig: Setting CVar [[r.Upscale.Quality:3]]
[2022.03.04-19.45.14:816][  0]LogConfig: Setting CVar [[r.Tonemapper.GrainQuantization:1]]
[2022.03.04-19.45.14:816][  0]LogConfig: Setting CVar [[r.LightShaftQuality:1]]
[2022.03.04-19.45.14:816][  0]LogConfig: Setting CVar [[r.Filter.SizeScale:1]]
[2022.03.04-19.45.14:816][  0]LogConfig: Setting CVar [[r.Tonemapper.Quality:5]]
[2022.03.04-19.45.14:816][  0]LogConfig: Setting CVar [[r.DOF.Gather.AccumulatorQuality:1        ; higher gathering accumulator quality]]
[2022.03.04-19.45.14:816][  0]LogConfig: Setting CVar [[r.DOF.Gather.PostfilterMethod:1          ; Median3x3 postfilering method]]
[2022.03.04-19.45.14:816][  0]LogConfig: Setting CVar [[r.DOF.Gather.EnableBokehSettings:0       ; no bokeh simulation when gathering]]
[2022.03.04-19.45.14:816][  0]LogConfig: Setting CVar [[r.DOF.Gather.RingCount:4                 ; medium number of samples when gathering]]
[2022.03.04-19.45.14:816][  0]LogConfig: Setting CVar [[r.DOF.Scatter.ForegroundCompositing:1    ; additive foreground scattering]]
[2022.03.04-19.45.14:816][  0]LogConfig: Setting CVar [[r.DOF.Scatter.BackgroundCompositing:2    ; additive background scattering]]
[2022.03.04-19.45.14:816][  0]LogConfig: Setting CVar [[r.DOF.Scatter.EnableBokehSettings:1      ; bokeh simulation when scattering]]
[2022.03.04-19.45.14:816][  0]LogConfig: Setting CVar [[r.DOF.Scatter.MaxSpriteRatio:0.1         ; only a maximum of 10% of scattered bokeh]]
[2022.03.04-19.45.14:816][  0]LogConfig: Setting CVar [[r.DOF.Recombine.Quality:1                ; cheap slight out of focus]]
[2022.03.04-19.45.14:816][  0]LogConfig: Setting CVar [[r.DOF.Recombine.EnableBokehSettings:0    ; no bokeh simulation on slight out of focus]]
[2022.03.04-19.45.14:816][  0]LogConfig: Setting CVar [[r.DOF.TemporalAAQuality:1                ; more stable temporal accumulation]]
[2022.03.04-19.45.14:816][  0]LogConfig: Setting CVar [[r.DOF.Kernel.MaxForegroundRadius:0.025]]
[2022.03.04-19.45.14:816][  0]LogConfig: Setting CVar [[r.DOF.Kernel.MaxBackgroundRadius:0.025]]
[2022.03.04-19.45.14:816][  0]LogConfig: Applying CVar settings from Section [TextureQuality@3] File [F:/gitRep/The-Tech-Academy-CPP-and-Unreal-Engine-Projects/GameSubmissionAssignment/TTA_GSA/Saved/Config/Windows/Scalability.ini]
[2022.03.04-19.45.14:816][  0]LogConfig: Setting CVar [[r.Streaming.MipBias:0]]
[2022.03.04-19.45.14:816][  0]LogConfig: Setting CVar [[r.Streaming.AmortizeCPUToGPUCopy:0]]
[2022.03.04-19.45.14:816][  0]LogConfig: Setting CVar [[r.Streaming.MaxNumTexturesToStreamPerFrame:0]]
[2022.03.04-19.45.14:816][  0]LogConfig: Setting CVar [[r.Streaming.Boost:1]]
[2022.03.04-19.45.14:816][  0]LogConfig: Setting CVar [[r.MaxAnisotropy:8]]
[2022.03.04-19.45.14:816][  0]LogConfig: Setting CVar [[r.VT.MaxAnisotropy:8]]
[2022.03.04-19.45.14:816][  0]LogConfig: Setting CVar [[r.Streaming.LimitPoolSizeToVRAM:0]]
[2022.03.04-19.45.14:816][  0]LogConfig: Setting CVar [[r.Streaming.PoolSize:1000]]
[2022.03.04-19.45.14:816][  0]LogConfig: Setting CVar [[r.Streaming.MaxEffectiveScreenSize:0]]
[2022.03.04-19.45.14:816][  0]LogConfig: Applying CVar settings from Section [EffectsQuality@3] File [F:/gitRep/The-Tech-Academy-CPP-and-Unreal-Engine-Projects/GameSubmissionAssignment/TTA_GSA/Saved/Config/Windows/Scalability.ini]
[2022.03.04-19.45.14:816][  0]LogConfig: Setting CVar [[r.TranslucencyLightingVolumeDim:64]]
[2022.03.04-19.45.14:816][  0]LogConfig: Setting CVar [[r.RefractionQuality:2]]
[2022.03.04-19.45.14:816][  0]LogConfig: Setting CVar [[r.SSR.Quality:3]]
[2022.03.04-19.45.14:816][  0]LogConfig: Setting CVar [[r.SSR.HalfResSceneColor:0]]
[2022.03.04-19.45.14:816][  0]LogConfig: Setting CVar [[r.SceneColorFormat:4]]
[2022.03.04-19.45.14:816][  0]LogConfig: Setting CVar [[r.DetailMode:2]]
[2022.03.04-19.45.14:816][  0]LogConfig: Setting CVar [[r.TranslucencyVolumeBlur:1]]
[2022.03.04-19.45.14:816][  0]LogConfig: Setting CVar [[r.MaterialQualityLevel:1 ; High quality]]
[2022.03.04-19.45.14:816][  0]LogConfig: Setting CVar [[r.AnisotropicMaterials:1]]
[2022.03.04-19.45.14:816][  0]LogConfig: Setting CVar [[r.SSS.Scale:1]]
[2022.03.04-19.45.14:816][  0]LogConfig: Setting CVar [[r.SSS.SampleSet:2]]
[2022.03.04-19.45.14:816][  0]LogConfig: Setting CVar [[r.SSS.Quality:1]]
[2022.03.04-19.45.14:816][  0]LogConfig: Setting CVar [[r.SSS.HalfRes:0]]
[2022.03.04-19.45.14:816][  0]LogConfig: Setting CVar [[r.SSGI.Quality:3]]
[2022.03.04-19.45.14:816][  0]LogConfig: Setting CVar [[r.EmitterSpawnRateScale:1.0]]
[2022.03.04-19.45.14:816][  0]LogConfig: Setting CVar [[r.ParticleLightQuality:2]]
[2022.03.04-19.45.14:816][  0]LogConfig: Setting CVar [[r.SkyAtmosphere.AerialPerspectiveLUT.FastApplyOnOpaque:1 ; Always have FastSkyLUT 1 in this case to avoid wrong sky]]
[2022.03.04-19.45.14:816][  0]LogConfig: Setting CVar [[r.SkyAtmosphere.AerialPerspectiveLUT.SampleCountMaxPerSlice:4]]
[2022.03.04-19.45.14:816][  0]LogConfig: Setting CVar [[r.SkyAtmosphere.AerialPerspectiveLUT.DepthResolution:16.0]]
[2022.03.04-19.45.14:817][  0]LogConfig: Setting CVar [[r.SkyAtmosphere.FastSkyLUT:1]]
[2022.03.04-19.45.14:817][  0]LogConfig: Setting CVar [[r.SkyAtmosphere.FastSkyLUT.SampleCountMin:4.0]]
[2022.03.04-19.45.14:817][  0]LogConfig: Setting CVar [[r.SkyAtmosphere.FastSkyLUT.SampleCountMax:128.0]]
[2022.03.04-19.45.14:817][  0]LogConfig: Setting CVar [[r.SkyAtmosphere.SampleCountMin:4.0]]
[2022.03.04-19.45.14:817][  0]LogConfig: Setting CVar [[r.SkyAtmosphere.SampleCountMax:128.0]]
[2022.03.04-19.45.14:817][  0]LogConfig: Setting CVar [[r.SkyAtmosphere.TransmittanceLUT.UseSmallFormat:0]]
[2022.03.04-19.45.14:817][  0]LogConfig: Setting CVar [[r.SkyAtmosphere.TransmittanceLUT.SampleCount:10.0]]
[2022.03.04-19.45.14:817][  0]LogConfig: Setting CVar [[r.SkyAtmosphere.MultiScatteringLUT.SampleCount:15.0]]
[2022.03.04-19.45.14:817][  0]LogConfig: Setting CVar [[r.SkyLight.RealTimeReflectionCapture:1]]
[2022.03.04-19.45.14:817][  0]LogConfig: Applying CVar settings from Section [FoliageQuality@3] File [F:/gitRep/The-Tech-Academy-CPP-and-Unreal-Engine-Projects/GameSubmissionAssignment/TTA_GSA/Saved/Config/Windows/Scalability.ini]
[2022.03.04-19.45.14:817][  0]LogConfig: Setting CVar [[foliage.DensityScale:1.0]]
[2022.03.04-19.45.14:817][  0]LogConfig: Setting CVar [[grass.DensityScale:1.0]]
[2022.03.04-19.45.14:817][  0]LogConfig: Applying CVar settings from Section [ShadingQuality@3] File [F:/gitRep/The-Tech-Academy-CPP-and-Unreal-Engine-Projects/GameSubmissionAssignment/TTA_GSA/Saved/Config/Windows/Scalability.ini]
[2022.03.04-19.45.14:817][  0]LogConfig: Setting CVar [[r.HairStrands.SkyLighting.IntegrationType:2]]
[2022.03.04-19.45.14:817][  0]LogConfig: Setting CVar [[r.HairStrands.SkyAO.SampleCount:4]]
[2022.03.04-19.45.14:817][  0]LogConfig: Setting CVar [[r.HairStrands.Visibility.MSAA.SamplePerPixel:4]]
[2022.03.04-19.45.14:817][  0]LogConfig: Applying CVar settings from Section [Startup] File [../../../Engine/Config/ConsoleVariables.ini]
[2022.03.04-19.45.14:817][  0]LogConfig: Setting CVar [[net.UseAdaptiveNetUpdateFrequency:0]]
[2022.03.04-19.45.14:817][  0]LogConfig: Setting CVar [[p.chaos.AllowCreatePhysxBodies:1]]
[2022.03.04-19.45.14:817][  0]LogConfig: Setting CVar [[fx.SkipVectorVMBackendOptimizations:1]]
[2022.03.04-19.45.14:817][  0]LogConfig: Applying CVar settings from Section [ConsoleVariables] File [F:/gitRep/The-Tech-Academy-CPP-and-Unreal-Engine-Projects/GameSubmissionAssignment/TTA_GSA/Saved/Config/Windows/Engine.ini]
[2022.03.04-19.45.14:817][  0]LogConfig: Applying CVar settings from Section [ConsoleVariables] File [F:/gitRep/The-Tech-Academy-CPP-and-Unreal-Engine-Projects/GameSubmissionAssignment/TTA_GSA/Saved/Config/Windows/Editor.ini]
[2022.03.04-19.45.14:817][  0]LogInit: Computer: DESKTOP-JCDJJ2H
[2022.03.04-19.45.14:817][  0]LogInit: User: Nick
[2022.03.04-19.45.14:817][  0]LogInit: CPU Page size=4096, Cores=6
[2022.03.04-19.45.14:817][  0]LogInit: High frequency timer resolution =10.000000 MHz
[2022.03.04-19.45.14:817][  0]LogMemory: Memory total: Physical=31.9GB (32GB approx)
[2022.03.04-19.45.14:818][  0]LogMemory: Platform Memory Stats for Windows
[2022.03.04-19.45.14:818][  0]LogMemory: Process Physical Memory: 145.89 MB used, 145.89 MB peak
[2022.03.04-19.45.14:818][  0]LogMemory: Process Virtual Memory: 115.91 MB used, 115.91 MB peak
[2022.03.04-19.45.14:818][  0]LogMemory: Physical Memory: 14891.20 MB used,  17810.96 MB free, 32702.16 MB total
[2022.03.04-19.45.14:818][  0]LogMemory: Virtual Memory: 134203136.00 MB used,  14595.46 MB free, 134217728.00 MB total
[2022.03.04-19.45.14:858][  0]LogWindows: WindowsPlatformFeatures enabled
[2022.03.04-19.45.14:898][  0]LogInit: Physics initialised using underlying interface: PhysX
[2022.03.04-19.45.14:898][  0]LogInit: Using OS detected language (en-US).
[2022.03.04-19.45.14:898][  0]LogInit: Using OS detected locale (en-US).
[2022.03.04-19.45.14:899][  0]LogTextLocalizationManager: No specific localization for 'en-US' exists, so the 'en' localization will be used.
[2022.03.04-19.45.15:117][  0]LogWindowsTextInputMethodSystem: Display: IME system deactivated.
[2022.03.04-19.45.15:154][  0]LogSlate: New Slate User Created.  User Index 0, Is Virtual User: 0
[2022.03.04-19.45.15:154][  0]LogSlate: Slate User Registered.  User Index 0, Is Virtual User: 0
[2022.03.04-19.45.15:173][  0]LogD3D11RHI: Loaded GFSDK_Aftermath_Lib.x64.dll
[2022.03.04-19.45.15:176][  0]LogHMD: Failed to initialize OpenVR with code 110
[2022.03.04-19.45.15:176][  0]LogD3D11RHI: D3D11 min allowed feature level: 11_0
[2022.03.04-19.45.15:176][  0]LogD3D11RHI: D3D11 max allowed feature level: 11_0
[2022.03.04-19.45.15:176][  0]LogD3D11RHI: D3D11 adapters:
[2022.03.04-19.45.15:261][  0]LogD3D11RHI:    0. 'NVIDIA GeForce GTX 1070' (Feature Level 11_0)
[2022.03.04-19.45.15:261][  0]LogD3D11RHI:       8088/0/16351 MB DedicatedVideo/DedicatedSystem/SharedSystem, Outputs:2, VendorId:0x10de
[2022.03.04-19.45.15:264][  0]LogD3D11RHI:    1. 'Microsoft Basic Render Driver' (Feature Level 11_0)
[2022.03.04-19.45.15:264][  0]LogD3D11RHI:       0/0/16351 MB DedicatedVideo/DedicatedSystem/SharedSystem, Outputs:0, VendorId:0x1414
[2022.03.04-19.45.15:264][  0]LogD3D11RHI: Chosen D3D11 Adapter:
[2022.03.04-19.45.15:264][  0]LogD3D11RHI:     Description : NVIDIA GeForce GTX 1070
[2022.03.04-19.45.15:264][  0]LogD3D11RHI:     VendorId    : 10de
[2022.03.04-19.45.15:264][  0]LogD3D11RHI:     DeviceId    : 1b81
[2022.03.04-19.45.15:264][  0]LogD3D11RHI:     SubSysId    : 33021462
[2022.03.04-19.45.15:264][  0]LogD3D11RHI:     Revision    : 00a1
[2022.03.04-19.45.15:264][  0]LogD3D11RHI:     DedicatedVideoMemory : 8480882688 bytes
[2022.03.04-19.45.15:264][  0]LogD3D11RHI:     DedicatedSystemMemory : 0 bytes
[2022.03.04-19.45.15:264][  0]LogD3D11RHI:     SharedSystemMemory : 17145350144 bytes
[2022.03.04-19.45.15:264][  0]LogD3D11RHI:     AdapterLuid : 0 45387
[2022.03.04-19.45.15:272][  0]LogD3D11RHI: Creating new Direct3DDevice
[2022.03.04-19.45.15:272][  0]LogD3D11RHI:     GPU DeviceId: 0x1b81 (for the marketing name, search the web for "GPU Device Id")
[2022.03.04-19.45.15:272][  0]LogWindows: EnumDisplayDevices:
[2022.03.04-19.45.15:272][  0]LogWindows:    0. 'NVIDIA GeForce GTX 1070' (P:0 D:1)
[2022.03.04-19.45.15:272][  0]LogWindows:    1. 'NVIDIA GeForce GTX 1070' (P:1 D:1)
[2022.03.04-19.45.15:272][  0]LogWindows:    2. 'NVIDIA GeForce GTX 1070' (P:0 D:0)
[2022.03.04-19.45.15:273][  0]LogWindows:    3. 'NVIDIA GeForce GTX 1070' (P:0 D:0)
[2022.03.04-19.45.15:273][  0]LogWindows: DebugString: FoundDriverCount:4 
[2022.03.04-19.45.15:273][  0]LogD3D11RHI:     Adapter Name: NVIDIA GeForce GTX 1070
[2022.03.04-19.45.15:273][  0]LogD3D11RHI:   Driver Version: 511.79 (internal:30.0.15.1179, unified:511.79)
[2022.03.04-19.45.15:273][  0]LogD3D11RHI:      Driver Date: 2-10-2022
[2022.03.04-19.45.15:273][  0]LogRHI: Texture pool is 5661 MB (70% of 8088 MB)
[2022.03.04-19.45.15:273][  0]LogD3D11RHI: Creating D3DDevice using adapter:
[2022.03.04-19.45.15:273][  0]LogD3D11RHI:     Description : NVIDIA GeForce GTX 1070
[2022.03.04-19.45.15:273][  0]LogD3D11RHI:     VendorId    : 10de
[2022.03.04-19.45.15:273][  0]LogD3D11RHI:     DeviceId    : 1b81
[2022.03.04-19.45.15:273][  0]LogD3D11RHI:     SubSysId    : 33021462
[2022.03.04-19.45.15:273][  0]LogD3D11RHI:     Revision    : 00a1
[2022.03.04-19.45.15:273][  0]LogD3D11RHI:     DedicatedVideoMemory : 8480882688 bytes
[2022.03.04-19.45.15:273][  0]LogD3D11RHI:     DedicatedSystemMemory : 0 bytes
[2022.03.04-19.45.15:273][  0]LogD3D11RHI:     SharedSystemMemory : 17145350144 bytes
[2022.03.04-19.45.15:273][  0]LogD3D11RHI:     AdapterLuid : 0 45387
[2022.03.04-19.45.15:320][  0]LogD3D11RHI: RHI has support for 64 bit atomics
[2022.03.04-19.45.15:320][  0]LogD3D11RHI: Async texture creation enabled
[2022.03.04-19.45.15:320][  0]LogD3D11RHI: Array index from any shader is supported
[2022.03.04-19.45.15:336][  0]LogD3D11RHI: GPU Timing Frequency: 1000.000000 (Debug: 2 1)
[2022.03.04-19.45.15:372][  0]LogRHI: GeForceNow SDK initialized: 1
[2022.03.04-19.45.15:621][  0]LogTargetPlatformManager: Display: Loaded TargetPlatform 'WindowsNoEditor'
[2022.03.04-19.45.15:625][  0]LogTargetPlatformManager: Display: Loaded TargetPlatform 'Windows'
[2022.03.04-19.45.15:629][  0]LogTargetPlatformManager: Display: Loaded TargetPlatform 'WindowsClient'
[2022.03.04-19.45.15:632][  0]LogTargetPlatformManager: Display: Loaded TargetPlatform 'WindowsServer'
[2022.03.04-19.45.15:632][  0]LogTargetPlatformManager: Display: Building Assets For Windows
[2022.03.04-19.45.15:639][  0]LogAudioDebug: Display: Lib vorbis DLL was dynamically loaded.
[2022.03.04-19.45.15:664][  0]LogTextureFormatOodle: Display: Oodle Texture 2.9.0 init RDO Off
[2022.03.04-19.45.15:693][  0]LogRendererCore: Ray tracing is disabled. Reason: r.RayTracing=0.
[2022.03.04-19.45.15:693][  0]LogShaderCompilers: Guid format shader working directory is -55 characters bigger than the processId version (../../../../gitRep/The-Tech-Academy-CPP-and-Unreal-Engine-Projects/GameSubmissionAssignment/TTA_GSA/Intermediate/Shaders/WorkingDirectory/17788/).
[2022.03.04-19.45.15:693][  0]LogShaderCompilers: Cleaned the shader compiler working directory 'C:/Users/Nick/AppData/Local/Temp/UnrealShaderWorkingDir/704E266849765FBA4ABA10AD6421C302/'.
[2022.03.04-19.45.15:694][  0]LogXGEController: Cannot use XGE Controller as Incredibuild is not installed on this machine.
[2022.03.04-19.45.15:694][  0]LogShaderCompilers: Cannot use XGE Shader Compiler as Incredibuild is not installed on this machine.
[2022.03.04-19.45.15:694][  0]LogShaderCompilers: Display: Using Local Shader Compiler.
[2022.03.04-19.45.16:365][  0]LogDerivedDataCache: Display: Max Cache Size: 512 MB
[2022.03.04-19.45.16:420][  0]LogDerivedDataCache: Loaded boot cache 0.05s 94MB C:/Users/Nick/AppData/Local/UnrealEngine/4.27/DerivedDataCache/Boot.ddc.
[2022.03.04-19.45.16:420][  0]LogDerivedDataCache: Display: Loaded Boot cache: C:/Users/Nick/AppData/Local/UnrealEngine/4.27/DerivedDataCache/Boot.ddc
[2022.03.04-19.45.16:420][  0]LogDerivedDataCache: FDerivedDataBackendGraph:  Pak pak cache file ../../../../gitRep/The-Tech-Academy-CPP-and-Unreal-Engine-Projects/GameSubmissionAssignment/TTA_GSA/DerivedDataCache/DDC.ddp not found, will not use a pak cache.
[2022.03.04-19.45.16:420][  0]LogDerivedDataCache: Unable to find inner node Pak for hierarchical cache Hierarchy.
[2022.03.04-19.45.16:420][  0]LogDerivedDataCache: FDerivedDataBackendGraph:  CompressedPak pak cache file ../../../../gitRep/The-Tech-Academy-CPP-and-Unreal-Engine-Projects/GameSubmissionAssignment/TTA_GSA/DerivedDataCache/Compressed.ddp not found, will not use a pak cache.
[2022.03.04-19.45.16:420][  0]LogDerivedDataCache: Unable to find inner node CompressedPak for hierarchical cache Hierarchy.
[2022.03.04-19.45.16:436][  0]LogDerivedDataCache: Display: Pak cache opened for reading ../../../Engine/DerivedDataCache/Compressed.ddp.
[2022.03.04-19.45.16:436][  0]LogDerivedDataCache: FDerivedDataBackendGraph:  EnterprisePak pak cache file ../../../Enterprise/DerivedDataCache/Compressed.ddp not found, will not use a pak cache.
[2022.03.04-19.45.16:436][  0]LogDerivedDataCache: Unable to find inner node EnterprisePak for hierarchical cache Hierarchy.
[2022.03.04-19.45.16:442][  0]LogDerivedDataCache: Speed tests for C:/Users/Nick/AppData/Local/UnrealEngine/Common/DerivedDataCache took 0.01 seconds
[2022.03.04-19.45.16:442][  0]LogDerivedDataCache: Display: Performance to C:/Users/Nick/AppData/Local/UnrealEngine/Common/DerivedDataCache: Latency=0.02ms. RandomReadSpeed=1780.67MBs, RandomWriteSpeed=181.01MBs. Assigned SpeedClass 'Local'
[2022.03.04-19.45.16:442][  0]LogDerivedDataCache: Using Local data cache path C:/Users/Nick/AppData/Local/UnrealEngine/Common/DerivedDataCache: Writable
[2022.03.04-19.45.16:442][  0]LogDerivedDataCache: Shared data cache path not found in *engine.ini, will not use an Shared cache.
[2022.03.04-19.45.16:442][  0]LogDerivedDataCache: Unable to find inner node Shared for hierarchical cache Hierarchy.
[2022.03.04-19.45.16:484][  0]LogSlate: Using FreeType 2.10.0
[2022.03.04-19.45.16:484][  0]LogSlate: SlateFontServices - WITH_FREETYPE: 1, WITH_HARFBUZZ: 1
[2022.03.04-19.45.16:563][  0]LogInit: Using OS detected language (en-US).
[2022.03.04-19.45.16:563][  0]LogInit: Using OS detected locale (en-US).
[2022.03.04-19.45.16:563][  0]LogTextLocalizationManager: No localization for 'en-US' exists, so 'en' will be used for the language.
[2022.03.04-19.45.16:563][  0]LogTextLocalizationManager: No localization for 'en-US' exists, so 'en' will be used for the locale.
[2022.03.04-19.45.16:563][  0]LogSlate: FontCache flush requested. Reason: Culture for localization was changed
[2022.03.04-19.45.16:563][  0]LogSlate: FontCache flush requested. Reason: Culture for localization was changed
[2022.03.04-19.45.16:566][  0]LogTextLocalizationManager: Compacting localization data took   0.00ms
[2022.03.04-19.45.16:566][  0]LogAssetRegistry: FAssetRegistry took 0.0015 seconds to start up
[2022.03.04-19.45.16:718][  0]LogPackageLocalizationCache: Processed 27 localized package path(s) for 1 prioritized culture(s) in 0.000718 seconds
[2022.03.04-19.45.16:770][  0]LogInit: Selected Device Profile: [Windows]
[2022.03.04-19.45.16:770][  0]LogInit: Active device profile: [0000017D3E67D300][0000017D38340F40 49] Windows
[2022.03.04-19.45.16:770][  0]LogInit: Profiles: [0000017D3E67D300][0000017D38340F40 49] Windows, [0000017D3E657400][0000017D38349200 49] WindowsNoEditor, [0000017D3E67E200][0000017D3834D4C0 49] WindowsServer, [0000017D3E656200][0000017D38351780 49] WindowsClient, [0000017D3E67F000][0000017D38345A00 49] IOS, [0000017D3E655500][0000017D38354100 49] iPadAir, [0000017D3E67FD00][0000017D381143C0 49] iPadAir2, [0000017D3E612400][0000017D38128900 49] IPadPro, [0000017D3E612500][0000017D38118940 49] iPadAir3, [0000017D3E656100][0000017D38120C00 49] iPadAir4, [0000017D3E613300][0000017D3811CEC0 49] iPadMini2, [0000017D3E657900][0000017D38125180 49] iPadMini3, [0000017D3E613F00][0000017D3812D440 49] iPadMini4, [0000017D3E656700][0000017D38131700 49] iPadMini5, [0000017D3E63DD00][0000017D38141C00 49] iPhone6, [0000017D3E63DE00][0000017D381340C0 49] iPodTouch6, [0000017D3E67ED00][0000017D3814C5C0 49] iPhone7, [0000017D3E67EE00][0000017D38110600 49] iPodTouch7, [0000017D3E611C00][0000017D381448C0 49] iPhone5S, [0000017D3E67F900][0000017D38138B80 49] iPhone6Plus, [0000017D3E611400][0000017D38148E40 49] iPhone6S, [0000017D3E67C300][0000017D38151100 49] iPhone6SPlus, [0000017D3E610D00][0000017D381553C0 49] iPhone7Plus, [0000017D3E67CD00][0000017D38159680 49] iPhoneSE, [0000017D3E610500][0000017D3AEA5940 49] iPhone8, [0000017D3E67CB00][0000017D3AEA9C00 49] iPhone8Plus, [0000017D3E610900][0000017D3813C300 49] iPhoneX, [0000017D3E67D100][0000017D3AEAC580 49] iPhoneXS, [0000017D3E610800][0000017D3AEB4840 49] iPhoneXSMax, [0000017D3E610F00][0000017D3AEB8B00 49] iPhoneXR, [0000017D3E63CA00][0000017D3AEBCDC0 49] iPhone11, [0000017D3E611700][0000017D3AEC1080 49] iPhone11Pro, [0000017D3E63D200][0000017D3AEC5340 49] iPhone11ProMax, [0000017D3E613A00][0000017D3AEC9600 49] iPhoneSE2, [0000017D3E63D800][0000017D3AECD8C0 49] iPhone12Mini, [0000017D3E613600][0000017D3AED1B80 49] iPhone12, [0000017D3E63DB00][0000017D3AED42C0 49] iPhone12Pro, [0000017D3E610A00][0000017D3AEB0540 49] iPhone12ProMax, [0000017D3E63FF00][0000017D3AED87C0 49] iPadPro105, [0000017D3E611300][0000017D3AEE0A80 49] iPadPro129, [0000017D3E63D500][0000017D3AEE4D40 49] iPadPro97, [0000017D3E67FE00][0000017D3AEE9000 49] iPadPro2_129, [0000017D3E63F700][0000017D3AEED2C0 49] iPad5, [0000017D3E67C800][0000017D3AEF1580 49] iPad6, [0000017D3E63CD00][0000017D3AEF5840 49] iPad7, [0000017D3E67E900][0000017D3AEF9B00 49] iPad8, [0000017D3E63CE00][0000017D3AEFC240 49] iPadPro11, [0000017D3E67DD00][0000017D3AF00500 49] iPadPro2_11, [0000017D3E63C800][0000017D3AEDC780 49] iPadPro3_129, [0000017D3E67C500][0000017D3AF08A40 49] iPadPro4_129, [0000017D3E63F100][0000017D3AF0CD00 49] AppleTV, [0000017D3E67E000][0000017D3AF10FC0 49] AppleTV4K, [0000017D3E63C700][0000017D3AF15280 49] TVOS, [0000017D3E67E600][0000017D3AF19540 49] Mac, [0000017D3E63EE00][0000017D3AF1D800 49] MacClient, [0000017D3E67C600][0000017D3AF21AC0 49] MacNoEditor, [0000017D3E63F800][0000017D3AF24200 49] MacServer, [0000017D3E67DE00][0000017D3AF284C0 49] Linux, [0000017D3E63D600][0000017D3AF04740 49] LinuxAArch64, [0000017D3E67D700][0000017D3AF2C9C0 49] LinuxNoEditor, [0000017D3E63E000][0000017D3AF34C80 49] LinuxAArch64NoEditor, [0000017D3E67FA00][0000017D3AF38F40 49] LinuxClient, [0000017D3E63E700][0000017D3AF3D200 49] LinuxAArch64Client, [0000017D3E67F100][0000017D3AF414C0 49] LinuxServer, [0000017D3E63E900][0000017D3AF45780 49] LinuxAArch64Server, [0000017D3E67CA00][0000017D3AF49A40 49] Android, [0000017D3E63EC00][0000017D3AF4C180 49] Android_Low, [0000017D3E67F600][0000017D3AF50440 49] Android_Mid, [0000017D3E63EA00][0000017D3AF54700 49] Android_High, [0000017D3E67F300][0000017D3AF30980 49] Android_Default, [0000017D3E63E400][0000017D3AF58C00 49] Android_Adreno4xx, [0000017D3E67F200][0000017D3AF60EC0 49] Android_Adreno5xx_Low, [0000017D3E63F400][0000017D3AF65180 49] Android_Adreno5xx, [0000017D3E67DB00][0000017D3AF69440 49] Android_Adreno6xx, [0000017D3E63DC00][0000017D3AF6D700 49] Android_Adreno6xx_Vulkan, [0000017D3E67C100][0000017D3AF719C0 49] Android_Mali_T6xx, [0000017D3E63FB00][0000017D3AF74100 49] Android_Mali_T7xx, [0000017D3E67D000][0000017D3AF783C0 49] Android_Mali_T8xx, [0000017D3E63F600][0000017D3AF7C680 49] Android_Mali_G71, [0000017D3E67CE00][0000017D3AF80940 49] Android_Mali_G72, [0000017D3E63D100][0000017D3AF5CBC0 49] Android_Mali_G72_Vulkan, [0000017D3E67FC00][0000017D3AF84E40 49] Android_Mali_G76, [0000017D3E63F200][0000017D3AF8D100 49] Android_Mali_G76_Vulkan, [0000017D3E67EB00][0000017D3AF913C0 49] Android_Mali_G77, [0000017D3E63EB00][0000017D3AF95680 49] Android_Mali_G77_Vulkan, [0000017D3E67D600][0000017D3AF99940 49] Android_Mali_G78, [0000017D3E63FD00][0000017D3AF9DC00 49] Android_Mali_G78_Vulkan, [0000017D3E67DA00][0000017D3815C340 49] Android_Mali_G710, [0000017D3E613100][0000017D38160600 49] Android_Mali_G710_Vulkan, [0000017D3E655200][0000017D381648C0 49] Android_Vulkan_SM5, [0000017D3E613200][0000017D38168B80 49] Android_PowerVR_G6xxx, [0000017D3E656300][0000017D3AF88E00 49] Android_PowerVR_GT7xxx, [0000017D3E611F00][0000017D3816D080 49] Android_PowerVR_GE8xxx, [0000017D3E657300][0000017D38175340 49] Android_PowerVR_GM9xxx, [0000017D3E611A00][0000017D38179600 49] Android_PowerVR_GM9xxx_Vulkan, [0000017D3E655D00][0000017D3817D8C0 49] Android_TegraK1, [0000017D3E612100][0000017D38181B80 49] Android_Unknown_Vulkan, [0000017D3E654E00][0000017D215022C0 49] Lumin, [0000017D3E612900][0000017D21506580 49] Lumin_Desktop, [0000017D3E657600][0000017D2150A840 49] HoloLens, 
[2022.03.04-19.45.16:804][  0]LogMeshReduction: Using QuadricMeshReduction for automatic static mesh reduction
[2022.03.04-19.45.16:804][  0]LogMeshReduction: Using SimplygonMeshReduction for automatic skeletal mesh reduction
[2022.03.04-19.45.16:804][  0]LogMeshReduction: Using ProxyLODMeshReduction for automatic mesh merging
[2022.03.04-19.45.16:804][  0]LogMeshReduction: No distributed automatic mesh merging module available
[2022.03.04-19.45.16:805][  0]LogMeshMerging: No distributed automatic mesh merging module available
[2022.03.04-19.45.16:900][  0]LogNetVersion: TTA_GSA 1.0.0, NetCL: 17155196, EngineNetVer: 17, GameNetVer: 0 (Checksum: 4154452998)
[2022.03.04-19.45.17:094][  0]LogTexture: Default maximum texture size for cubemaps generated from long-lat sources has been changed from 512 to unlimited. In order to preserve old behaiour for '/Engine/MapTemplates/Sky/DaylightAmbientCubemap.DaylightAmbientCubemap', its maximum texture size has been explicitly set to 512.
[2022.03.04-19.45.17:150][  0]LogHMD: PokeAHoleMaterial loaded successfully
[2022.03.04-19.45.17:232][  0]LogMoviePlayer: Initializing movie player
[2022.03.04-19.45.17:330][  0]LogNiagaraDebuggerClient: Niagara Debugger Client Initialized | Session: B52C82524FB69546D034CDA824D2198D | Instance: 1316ADFB41FBF6FA99DA46BFE90BE2FE (DESKTOP-JCDJJ2H-17788).
[2022.03.04-19.45.17:348][  0]LogCollectionManager: Loaded 0 collections in 0.000610 seconds
[2022.03.04-19.45.17:349][  0]LogFileCache: Scanning file cache for directory 'F:/gitRep/The-Tech-Academy-CPP-and-Unreal-Engine-Projects/GameSubmissionAssignment/TTA_GSA/Saved/Collections/' took 0.00s
[2022.03.04-19.45.17:349][  0]LogFileCache: Scanning file cache for directory 'F:/gitRep/The-Tech-Academy-CPP-and-Unreal-Engine-Projects/GameSubmissionAssignment/TTA_GSA/Content/Developers/Nick/Collections/' took 0.00s
[2022.03.04-19.45.17:349][  0]LogFileCache: Scanning file cache for directory 'F:/gitRep/The-Tech-Academy-CPP-and-Unreal-Engine-Projects/GameSubmissionAssignment/TTA_GSA/Content/Collections/' took 0.00s
[2022.03.04-19.45.17:349][  0]LogCollectionManager: Fixed up redirectors for 0 collections in 0.000002 seconds (updated 0 objects)
[2022.03.04-19.45.17:427][  0]LogPython: Using Python 3.7.7
[2022.03.04-19.45.17:843][  0]LogTcpMessaging: Initializing TcpMessaging bridge
[2022.03.04-19.45.17:846][  0]LogUdpMessaging: Initializing bridge on interface 0.0.0.0:0 to multicast group 230.0.0.1:6666.
[2022.03.04-19.45.17:920][  0]SourceControl: Source control is disabled
[2022.03.04-19.45.17:920][  0]SourceControl: Source control is disabled
[2022.03.04-19.45.17:922][  0]SourceControl: Source control is disabled
[2022.03.04-19.45.17:927][  0]LogUProjectInfo: Found projects:
[2022.03.04-19.45.18:007][  0]LogOpenImageDenoise: OIDN starting up
[2022.03.04-19.45.18:021][  0]LogAndroidPermission: UAndroidPermissionCallbackProxy::GetInstance
[2022.03.04-19.45.18:033][  0]LogAudioCaptureCore: Display: No Audio Capture implementations found. Audio input will be silent.
[2022.03.04-19.45.18:033][  0]LogAudioCaptureCore: Display: No Audio Capture implementations found. Audio input will be silent.
[2022.03.04-19.45.18:097][  0]LogOcInput: OculusInput pre-init called
[2022.03.04-19.45.18:106][  0]LogUObjectArray: 22131 objects as part of root set at end of initial load.
[2022.03.04-19.45.18:106][  0]LogUObjectAllocator: 5982176 out of 0 bytes used by permanent object pool.
[2022.03.04-19.45.18:106][  0]LogUObjectArray: CloseDisregardForGC: 0/0 objects in disregard for GC pool
[2022.03.04-19.45.18:147][  0]LogEngine: Initializing Engine...
[2022.03.04-19.45.18:149][  0]LogHMD: Failed to enumerate extensions. Please check that you have a valid OpenXR runtime installed.
[2022.03.04-19.45.18:149][  0]LogHMD: Failed to initialize OpenVR with code 110
[2022.03.04-19.45.18:149][  0]LogMagicLeap: Warning: VR disabled because ZI is not enabled.  To enable, in the editor, Edit -> Project Settings -> Plugins -> Magic Leap Plugin -> Enable Zero Iteration
[2022.03.04-19.45.18:150][  0]LogStats: UGameplayTagsManager::InitializeManager -  0.000 s
[2022.03.04-19.45.18:229][  0]LogInit: Initializing FReadOnlyCVARCache
[2022.03.04-19.45.18:229][  0]LogAudio: Display: Initializing Audio Device Manager...
[2022.03.04-19.45.18:232][  0]LogAudio: Display: Loading Default Audio Settings Objects...
[2022.03.04-19.45.18:232][  0]LogAudio: Display: No default SoundConcurrencyObject specified (or failed to load).
[2022.03.04-19.45.18:233][  0]LogAudio: Display: Audio Device Manager Initialized
[2022.03.04-19.45.18:233][  0]LogAudio: Display: Creating Audio Device:                 Id: 1, Scope: Shared, Realtime: True
[2022.03.04-19.45.18:233][  0]LogAudioMixer: Display: Audio Mixer Platform Settings:
[2022.03.04-19.45.18:233][  0]LogAudioMixer: Display: 	Sample Rate:						  48000
[2022.03.04-19.45.18:233][  0]LogAudioMixer: Display: 	Callback Buffer Frame Size Requested: 1024
[2022.03.04-19.45.18:233][  0]LogAudioMixer: Display: 	Callback Buffer Frame Size To Use:	  1024
[2022.03.04-19.45.18:233][  0]LogAudioMixer: Display: 	Number of buffers to queue:			  2
[2022.03.04-19.45.18:233][  0]LogAudioMixer: Display: 	Max Channels (voices):				  32
[2022.03.04-19.45.18:233][  0]LogAudioMixer: Display: 	Number of Async Source Workers:		  0
[2022.03.04-19.45.18:233][  0]LogAudio: Display: AudioDevice MaxSources: 32
[2022.03.04-19.45.18:233][  0]LogAudio: Display: Audio Spatialization Plugin: None (built-in).
[2022.03.04-19.45.18:233][  0]LogAudio: Display: Audio Reverb Plugin: None (built-in).
[2022.03.04-19.45.18:233][  0]LogAudio: Display: Audio Occlusion Plugin: None (built-in).
[2022.03.04-19.45.18:233][  0]LogAudioMixer: Display: Initializing audio mixer.
[2022.03.04-19.45.18:287][  0]LogAudioMixer: Display: 0: FrontLeft
[2022.03.04-19.45.18:287][  0]LogAudioMixer: Display: 1: FrontRight
[2022.03.04-19.45.18:374][  0]LogAudioMixer: Display: Using Audio Device Speakers (High Definition Audio Device)
[2022.03.04-19.45.18:378][  0]LogAudioMixer: Display: Initializing Sound Submixes...
[2022.03.04-19.45.18:379][  0]LogAudioMixer: Display: Creating Master Submix 'MasterSubmixDefault'
[2022.03.04-19.45.18:379][  0]LogAudioMixer: Display: Creating Master Submix 'MasterReverbSubmixDefault'
[2022.03.04-19.45.18:380][  0]LogAudioMixer: Display: Creating Master Submix 'MasterEQSubmixDefault'
[2022.03.04-19.45.18:380][  0]LogAudioMixer: FMixerPlatformXAudio2::StartAudioStream() called
[2022.03.04-19.45.18:380][  0]LogAudioMixer: Display: Output buffers initialized: Frames=1024, Channels=2, Samples=2048
[2022.03.04-19.45.18:381][  0]LogAudioMixer: Display: Starting AudioMixerPlatformInterface::RunInternal()
[2022.03.04-19.45.18:381][  0]LogAudioMixer: Display: FMixerPlatformXAudio2::SubmitBuffer() called for the first time
[2022.03.04-19.45.18:381][  0]LogInit: FAudioDevice initialized.
[2022.03.04-19.45.18:383][  0]LogNetVersion: Set ProjectVersion to 1.0.0.0. Version Checksum will be recalculated on next use.
[2022.03.04-19.45.18:384][  0]LogInit: Texture streaming: Enabled
[2022.03.04-19.45.18:434][  0]LogAudio: Display: Audio Device (ID: 1) registered with world 'Untitled'.
[2022.03.04-19.45.18:434][  0]LogSlate: Updating window title bar state: overlay mode, drag disabled, window buttons hidden, title bar hidden
[2022.03.04-19.45.18:435][  0]LogInit: Display: Game Engine Initialized.
[2022.03.04-19.45.18:435][  0]LogNiagaraEditor: GEditor isn't valid! Particle reset commands will not work for Niagara components!
[2022.03.04-19.45.18:539][  0]LogInit: Display: Starting Game.
[2022.03.04-19.45.18:539][  0]LogNet: Browse: /Game/Levels/GameMap?Name=Player
[2022.03.04-19.45.18:539][  0]LogLoad: LoadMap: /Game/Levels/GameMap?Name=Player
[2022.03.04-19.45.18:539][  0]LogWorld: BeginTearingDown for /Temp/Untitled_0
[2022.03.04-19.45.18:541][  0]LogWorld: UWorld::CleanupWorld for Untitled, bSessionEnded=true, bCleanupResources=true
[2022.03.04-19.45.18:541][  0]LogSlate: InvalidateAllWidgets triggered.  All widgets were invalidated
[2022.03.04-19.45.18:545][  0]LogAudio: Display: Audio Device unregistered from world 'None'.
[2022.03.04-19.45.18:547][  0]LogUObjectHash: Compacting FUObjectHashTables data took   0.72ms
[2022.03.04-19.45.18:606][  0]LogAudio: Display: Audio Device (ID: 1) registered with world 'GameMap'.
[2022.03.04-19.45.18:612][  0]LogAIModule: Creating AISystem for world GameMap
[2022.03.04-19.45.18:612][  0]LogLoad: Game class is 'BP_MazeGameModeBase_C'
[2022.03.04-19.45.18:615][  0]LogWorld: Bringing World /Game/Levels/GameMap.GameMap up for play (max tick rate 0) at 2022.03.04-13.45.18
[2022.03.04-19.45.18:615][  0]LogWorld: Bringing up level for play took: 0.001933
[2022.03.04-19.45.18:616][  0]LogGameMode: FindPlayerStart: PATHS NOT DEFINED or NO PLAYERSTART with positive rating
[2022.03.04-19.45.18:617][  0]LogViewport: Display: Viewport MouseCaptureMode Changed, CapturePermanently_IncludingInitialMouseDown -> CapturePermanently
[2022.03.04-19.45.18:617][  0]LogLoad: Took 0.077950 seconds to LoadMap(/Game/Levels/GameMap)
[2022.03.04-19.45.18:675][  0]LogSlate: Took 0.000112 seconds to synchronously load lazily loaded font '../../../Engine/Content/Slate/Fonts/Roboto-Regular.ttf' (155K)
[2022.03.04-19.45.18:710][  0]LogRenderer: Reallocating scene render targets to support 1280x720 Format 10 NumSamples 1 (Frame:1).
[2022.03.04-19.45.18:710][  0]LogInit: Display: Engine is initialized. Leaving FEngineLoop::Init()
[2022.03.04-19.45.18:710][  0]LogLoad: (Engine Initialization) Total time: 4.77 seconds
[2022.03.04-19.45.18:710][  0]LogLoad: (Engine Initialization) Total Blueprint compile time: 0.00 seconds
[2022.03.04-19.45.18:712][  0]LogContentStreaming: Texture pool size now 1000 MB
[2022.03.04-19.45.18:714][  0]LogSlate: InvalidateAllWidgets triggered.  All widgets were invalidated
[2022.03.04-19.45.18:739][  1]LogSlate: Took 0.000097 seconds to synchronously load lazily loaded font '../../../Engine/Content/Slate/Fonts/Roboto-Regular.ttf' (155K)
[2022.03.04-19.45.30:603][241]LogWindowsDesktop: Alt-F4 pressed!
[2022.03.04-19.45.30:609][241]LogSlate: Window 'TTA_GSA (64-bit Development PCD3D_SM5) ' being destroyed
[2022.03.04-19.45.30:610][241]LogWindowsTextInputMethodSystem: Display: IME system deactivated.
[2022.03.04-19.45.30:615][241]LogWindowsTextInputMethodSystem: Display: IME system deactivated.
[2022.03.04-19.45.30:617][241]LogSlate: Updating window title bar state: overlay mode, drag disabled, window buttons hidden, title bar hidden
[2022.03.04-19.45.30:617][241]LogEngine: All Windows Closed
[2022.03.04-19.45.30:617][241]LogWindows: FPlatformMisc::RequestExit(0)
[2022.03.04-19.45.30:617][241]LogWindows: FPlatformMisc::RequestExitWithStatus(0, 0)
[2022.03.04-19.45.30:617][241]LogCore: Engine exit requested (reason: Win RequestExit)
[2022.03.04-19.45.30:617][242]LogCore: Engine exit requested (reason: EngineExit() was called; note: exit was already requested)
[2022.03.04-19.45.30:617][242]LogInit: Display: PreExit Game.
[2022.03.04-19.45.30:625][242]LogWorld: BeginTearingDown for /Game/Levels/GameMap
[2022.03.04-19.45.30:626][242]LogWorld: UWorld::CleanupWorld for GameMap, bSessionEnded=true, bCleanupResources=true
[2022.03.04-19.45.30:626][242]LogSlate: InvalidateAllWidgets triggered.  All widgets were invalidated
[2022.03.04-19.45.31:161][242]LogAudio: Display: Beginning Audio Device Manager Shutdown (Module: AudioMixerXAudio2)...
[2022.03.04-19.45.31:161][242]LogAudio: Display: Destroying 1 Remaining Audio Device(s)...
[2022.03.04-19.45.31:161][242]LogAudio: Display: Audio Device unregistered from world 'GameMap'.
[2022.03.04-19.45.31:206][242]LogAudioMixer: FMixerPlatformXAudio2::StopAudioStream() called
[2022.03.04-19.45.31:207][242]LogAudioMixer: FMixerPlatformXAudio2::StopAudioStream() called
[2022.03.04-19.45.31:210][242]LogAudio: Display: Audio Device Manager Shutdown
[2022.03.04-19.45.31:216][242]LogExit: Preparing to exit.
[2022.03.04-19.45.31:863][242]LogSlate: Updating window title bar state: overlay mode, drag disabled, window buttons hidden, title bar hidden
[2022.03.04-19.45.31:864][242]LogUObjectHash: Compacting FUObjectHashTables data took   0.72ms
[2022.03.04-19.45.31:895][242]LogMoviePlayer: Shutting down movie player
[2022.03.04-19.45.31:972][242]LogDemo: Cleaned up 0 splitscreen connections with owner deletion
[2022.03.04-19.45.31:976][242]LogExit: Game engine shut down
[2022.03.04-19.45.32:009][242]LogExit: Object subsystem successfully closed.
[2022.03.04-19.45.32:019][242]LogShaderCompilers: Display: === FShaderJobCache stats ===
[2022.03.04-19.45.32:019][242]LogShaderCompilers: Display: Total job queries 0, among them cache hits 0 (0.00%)
[2022.03.04-19.45.32:019][242]LogShaderCompilers: Display: Tracking 0 distinct input hashes that result in 0 distinct outputs (0.00%)
[2022.03.04-19.45.32:019][242]LogShaderCompilers: Display: RAM used: 0.00 MB (0.00 GB) of 1638.40 MB (1.60 GB) budget. Usage: 0.00%
[2022.03.04-19.45.32:019][242]LogShaderCompilers: Display: ================================================
[2022.03.04-19.45.32:036][242]LogShaderCompilers: Display: Shaders left to compile 0
[2022.03.04-19.45.32:042][242]LogModuleManager: Shutting down and abandoning module SequenceRecorderSections (560)
[2022.03.04-19.45.32:042][242]LogModuleManager: Shutting down and abandoning module SequenceRecorder (558)
[2022.03.04-19.45.32:042][242]LogModuleManager: Shutting down and abandoning module AutomationController (556)
[2022.03.04-19.45.32:042][242]LogModuleManager: Shutting down and abandoning module AutomationWorker (554)
[2022.03.04-19.45.32:042][242]LogModuleManager: Shutting down and abandoning module Voice (552)
[2022.03.04-19.45.32:042][242]LogModuleManager: Shutting down and abandoning module AIModule (550)
[2022.03.04-19.45.32:042][242]LogModuleManager: Shutting down and abandoning module GameplayDebugger (549)
[2022.03.04-19.45.32:042][242]LogModuleManager: Shutting down and abandoning module AITestSuite (547)
[2022.03.04-19.45.32:042][242]LogModuleManager: Shutting down and abandoning module NavigationSystem (545)
[2022.03.04-19.45.32:042][242]LogModuleManager: Shutting down and abandoning module SteamVREditor (542)
[2022.03.04-19.45.32:042][242]LogModuleManager: Shutting down and abandoning module ToolMenus (541)
[2022.03.04-19.45.32:042][242]LogModuleManager: Shutting down and abandoning module OculusMR (538)
[2022.03.04-19.45.32:042][242]LogModuleManager: Shutting down and abandoning module TakeRecorderSources (536)
[2022.03.04-19.45.32:042][242]LogModuleManager: Shutting down and abandoning module TakeRecorder (535)
[2022.03.04-19.45.32:042][242]LogModuleManager: Shutting down and abandoning module TakeTrackRecorders (532)
[2022.03.04-19.45.32:042][242]LogModuleManager: Shutting down and abandoning module TakesCore (530)
[2022.03.04-19.45.32:042][242]LogModuleManager: Shutting down and abandoning module OpenXRInput (528)
[2022.03.04-19.45.32:042][242]LogModuleManager: Shutting down and abandoning module WmfMediaFactory (526)
[2022.03.04-19.45.32:042][242]LogModuleManager: Shutting down and abandoning module WebMMediaFactory (524)
[2022.03.04-19.45.32:042][242]LogModuleManager: Shutting down and abandoning module WebMMedia (522)
[2022.03.04-19.45.32:042][242]LogModuleManager: Shutting down and abandoning module OpenExrWrapper (520)
[2022.03.04-19.45.32:042][242]LogModuleManager: Shutting down and abandoning module ImgMediaFactory (518)
[2022.03.04-19.45.32:042][242]LogModuleManager: Shutting down and abandoning module AvfMediaFactory (516)
[2022.03.04-19.45.32:042][242]LogModuleManager: Shutting down and abandoning module PlanarCut (514)
[2022.03.04-19.45.32:042][242]LogModuleManager: Shutting down and abandoning module CharacterAI (512)
[2022.03.04-19.45.32:042][242]LogModuleManager: Shutting down and abandoning module MagicLeapMediaCodecFactory (510)
[2022.03.04-19.45.32:042][242]LogModuleManager: Shutting down and abandoning module MagicLeapMediaFactory (508)
[2022.03.04-19.45.32:042][242]LogModuleManager: Shutting down and abandoning module SessionServices (506)
[2022.03.04-19.45.32:042][242]LogModuleManager: Shutting down and abandoning module MovieSceneCapture (504)
[2022.03.04-19.45.32:042][242]LogModuleManager: Shutting down and abandoning module LiveCoding (502)
[2022.03.04-19.45.32:042][242]LogModuleManager: Shutting down and abandoning module LevelSequence (500)
[2022.03.04-19.45.32:042][242]LogModuleManager: Shutting down and abandoning module MovieSceneTracks (498)
[2022.03.04-19.45.32:042][242]LogModuleManager: Shutting down and abandoning module MovieScene (496)
[2022.03.04-19.45.32:042][242]LogModuleManager: Shutting down and abandoning module StreamingPauseRendering (494)
[2022.03.04-19.45.32:042][242]LogModuleManager: Shutting down and abandoning module PortalServices (492)
[2022.03.04-19.45.32:042][242]LogModuleManager: Shutting down and abandoning module PortalRpc (490)
[2022.03.04-19.45.32:042][242]LogModuleManager: Shutting down and abandoning module MessagingRpc (488)
[2022.03.04-19.45.32:043][242]LogModuleManager: Shutting down and abandoning module AudioMixerXAudio2 (486)
[2022.03.04-19.45.32:043][242]LogModuleManager: Shutting down and abandoning module AudioMixerCore (485)
[2022.03.04-19.45.32:043][242]LogModuleManager: Shutting down and abandoning module ImageWriteQueue (482)
[2022.03.04-19.45.32:045][242]LogModuleManager: Shutting down and abandoning module ProfilerService (480)
[2022.03.04-19.45.32:146][242]LogModuleManager: Shutting down and abandoning module TaskGraph (478)
[2022.03.04-19.45.32:146][242]LogModuleManager: Shutting down and abandoning module OculusInput (476)
[2022.03.04-19.45.32:146][242]LogModuleManager: Shutting down and abandoning module TakeMovieScene (474)
[2022.03.04-19.45.32:146][242]LogModuleManager: Shutting down and abandoning module Synthesis (472)
[2022.03.04-19.45.32:146][242]LogModuleManager: Shutting down and abandoning module ProceduralMeshComponent (470)
[2022.03.04-19.45.32:146][242]LogModuleManager: Shutting down and abandoning module MobilePatchingUtils (468)
[2022.03.04-19.45.32:146][242]LogModuleManager: Shutting down and abandoning module GooglePAD (466)
[2022.03.04-19.45.32:147][242]LogModuleManager: Shutting down and abandoning module EditableMesh (464)
[2022.03.04-19.45.32:147][242]LogModuleManager: Shutting down and abandoning module CustomMeshComponent (462)
[2022.03.04-19.45.32:147][242]LogModuleManager: Shutting down and abandoning module CableComponent (460)
[2022.03.04-19.45.32:147][242]LogModuleManager: Shutting down and abandoning module AssetTags (458)
[2022.03.04-19.45.32:147][242]LogModuleManager: Shutting down and abandoning module ArchVisCharacter (456)
[2022.03.04-19.45.32:147][242]LogModuleManager: Shutting down and abandoning module AudioCapture (454)
[2022.03.04-19.45.32:147][242]LogModuleManager: Shutting down and abandoning module AudioCaptureRtAudio (453)
[2022.03.04-19.45.32:147][242]LogModuleManager: Shutting down and abandoning module AppleImageUtilsBlueprintSupport (450)
[2022.03.04-19.45.32:147][242]LogModuleManager: Shutting down and abandoning module AppleImageUtils (448)
[2022.03.04-19.45.32:147][242]LogModuleManager: Shutting down and abandoning module ActorLayerUtilities (446)
[2022.03.04-19.45.32:147][242]LogModuleManager: Shutting down and abandoning module AndroidPermission (444)
[2022.03.04-19.45.32:147][242]LogModuleManager: Shutting down and abandoning module MediaCompositing (442)
[2022.03.04-19.45.32:147][242]LogModuleManager: Shutting down and abandoning module ImgMedia (440)
[2022.03.04-19.45.32:147][242]LogModuleManager: Shutting down and abandoning module TemplateSequence (438)
[2022.03.04-19.45.32:147][242]LogModuleManager: Shutting down and abandoning module OpenImageDenoise (436)
[2022.03.04-19.45.32:147][242]LogOpenImageDenoise: OIDN shutting down
[2022.03.04-19.45.32:147][242]LogModuleManager: Shutting down and abandoning module MotoSynth (434)
[2022.03.04-19.45.32:147][242]LogModuleManager: Shutting down and abandoning module MagicLeapLightEstimation (432)
[2022.03.04-19.45.32:147][242]LogModuleManager: Shutting down and abandoning module GeometryCollectionTracks (430)
[2022.03.04-19.45.32:147][242]LogModuleManager: Shutting down and abandoning module GeometryCollectionSequencer (429)
[2022.03.04-19.45.32:147][242]LogModuleManager: Shutting down and abandoning module MeshConversion (426)
[2022.03.04-19.45.32:147][242]LogModuleManager: Shutting down and abandoning module DynamicMesh (424)
[2022.03.04-19.45.32:147][242]LogModuleManager: Shutting down and abandoning module GeometryAlgorithms (422)
[2022.03.04-19.45.32:147][242]LogModuleManager: Shutting down and abandoning module GeometricObjects (420)
[2022.03.04-19.45.32:147][242]LogModuleManager: Shutting down and abandoning module GeometryCacheTracks (418)
[2022.03.04-19.45.32:147][242]LogModuleManager: Shutting down and abandoning module GeometryCacheSequencer (417)
[2022.03.04-19.45.32:147][242]LogModuleManager: Shutting down and abandoning module GeometryCache (414)
[2022.03.04-19.45.32:147][242]LogModuleManager: Shutting down and abandoning module GeometryCacheEd (413)
[2022.03.04-19.45.32:147][242]LogModuleManager: Shutting down and abandoning module ChaosNiagara (410)
[2022.03.04-19.45.32:147][242]LogModuleManager: Shutting down and abandoning module FieldSystemEngine (409)
[2022.03.04-19.45.32:147][242]LogModuleManager: Shutting down and abandoning module BackChannel (406)
[2022.03.04-19.45.32:147][242]LogModuleManager: Shutting down and abandoning module AutomationUtils (404)
[2022.03.04-19.45.32:147][242]LogModuleManager: Shutting down and abandoning module MagicLeapSharedWorld (402)
[2022.03.04-19.45.32:147][242]LogModuleManager: Shutting down and abandoning module MagicLeapHelperVulkan (400)
[2022.03.04-19.45.32:147][242]LogModuleManager: Shutting down and abandoning module MagicLeapHelperOpenGL (398)
[2022.03.04-19.45.32:147][242]LogModuleManager: Shutting down and abandoning module MagicLeapAudio (396)
[2022.03.04-19.45.32:147][242]LogModuleManager: Shutting down and abandoning module OodleNetworkHandlerComponent (394)
[2022.03.04-19.45.32:147][242]LogModuleManager: Shutting down and abandoning module VisualStudioSourceCodeAccess (392)
[2022.03.04-19.45.32:147][242]LogModuleManager: Shutting down and abandoning module HotReload (391)
[2022.03.04-19.45.32:147][242]LogModuleManager: Shutting down and abandoning module VisualStudioCodeSourceCodeAccess (388)
[2022.03.04-19.45.32:147][242]LogModuleManager: Shutting down and abandoning module UObjectPlugin (386)
[2022.03.04-19.45.32:147][242]LogModuleManager: Shutting down and abandoning module SubversionSourceControl (384)
[2022.03.04-19.45.32:147][242]LogModuleManager: Shutting down and abandoning module PerforceSourceControl (382)
[2022.03.04-19.45.32:147][242]LogModuleManager: Shutting down and abandoning module SourceControl (381)
[2022.03.04-19.45.32:147][242]LogModuleManager: Shutting down and abandoning module CLionSourceCodeAccess (378)
[2022.03.04-19.45.32:147][242]LogModuleManager: Shutting down and abandoning module LiveLinkSequencer (376)
[2022.03.04-19.45.32:147][242]LogModuleManager: Shutting down and abandoning module LiveLinkMovieScene (374)
[2022.03.04-19.45.32:147][242]LogModuleManager: Shutting down and abandoning module LiveLinkGraphNode (372)
[2022.03.04-19.45.32:147][242]LogModuleManager: Shutting down and abandoning module LiveLinkComponents (370)
[2022.03.04-19.45.32:148][242]LogModuleManager: Shutting down and abandoning module LiveLink (368)
[2022.03.04-19.45.32:898][242]LogModuleManager: Shutting down and abandoning module TTA_GSA (366)
[2022.03.04-19.45.32:898][242]LogModuleManager: Shutting down and abandoning module SoundFields (364)
[2022.03.04-19.45.32:898][242]LogModuleManager: Shutting down and abandoning module SignificanceManager (362)
[2022.03.04-19.45.32:898][242]LogModuleManager: Shutting down and abandoning module RuntimePhysXCooking (360)
[2022.03.04-19.45.32:898][242]LogModuleManager: Shutting down and abandoning module PropertyAccessEditor (358)
[2022.03.04-19.45.32:898][242]LogModuleManager: Shutting down and abandoning module PhysXVehiclesEditor (356)
[2022.03.04-19.45.32:898][242]LogModuleManager: Shutting down and abandoning module LocationServicesBPLibrary (352)
[2022.03.04-19.45.32:898][242]LogModuleManager: Shutting down and abandoning module AudioSynesthesia (350)
[2022.03.04-19.45.32:898][242]LogModuleManager: Shutting down and abandoning module AudioSynesthesiaCore (348)
[2022.03.04-19.45.32:898][242]LogModuleManager: Shutting down and abandoning module ImgMediaEngine (346)
[2022.03.04-19.45.32:898][242]LogModuleManager: Shutting down and abandoning module ActorSequence (344)
[2022.03.04-19.45.32:898][242]LogModuleManager: Shutting down and abandoning module UdpMessaging (342)
[2022.03.04-19.45.32:999][242]LogModuleManager: Shutting down and abandoning module TcpMessaging (340)
[2022.03.04-19.45.33:100][242]LogModuleManager: Shutting down and abandoning module PythonScriptPlugin (338)
[2022.03.04-19.45.33:100][242]LogModuleManager: Shutting down and abandoning module MagicLeapARPin (336)
[2022.03.04-19.45.33:100][242]LogModuleManager: Shutting down and abandoning module MagicLeapHandMeshing (334)
[2022.03.04-19.45.33:100][242]LogModuleManager: Shutting down and abandoning module MagicLeapSecureStorage (332)
[2022.03.04-19.45.33:100][242]LogModuleManager: Shutting down and abandoning module MagicLeapPrivileges (330)
[2022.03.04-19.45.33:100][242]LogModuleManager: Shutting down and abandoning module MagicLeapPlanes (328)
[2022.03.04-19.45.33:100][242]LogMagicLeapPlanes: Planes tracker already destroyed.
[2022.03.04-19.45.33:100][242]LogModuleManager: Shutting down and abandoning module MagicLeapImageTracker (326)
[2022.03.04-19.45.33:100][242]LogModuleManager: Shutting down and abandoning module MagicLeapIdentity (324)
[2022.03.04-19.45.33:100][242]LogModuleManager: Shutting down and abandoning module MagicLeapHandTracking (322)
[2022.03.04-19.45.33:100][242]LogModuleManager: Shutting down and abandoning module MagicLeapEyeTracker (320)
[2022.03.04-19.45.33:100][242]LogModuleManager: Shutting down and abandoning module MagicLeapController (318)
[2022.03.04-19.45.33:100][242]LogModuleManager: Shutting down and abandoning module MagicLeapARPinImpl (316)
[2022.03.04-19.45.33:100][242]LogModuleManager: Shutting down and abandoning module MagicLeapAR (314)
[2022.03.04-19.45.33:100][242]LogModuleManager: Shutting down and abandoning module NiagaraAnimNotifies (312)
[2022.03.04-19.45.33:101][242]LogModuleManager: Shutting down and abandoning module Niagara (310)
[2022.03.04-19.45.33:101][242]LogModuleManager: Shutting down and abandoning module SignalProcessing (309)
[2022.03.04-19.45.33:101][242]LogModuleManager: Shutting down and abandoning module NiagaraEditor (307)
[2022.03.04-19.45.33:101][242]LogModuleManager: Shutting down and abandoning module ContentBrowser (306)
[2022.03.04-19.45.33:101][242]LogModuleManager: Shutting down and abandoning module CollectionManager (305)
[2022.03.04-19.45.33:102][242]LogModuleManager: Shutting down and abandoning module DirectoryWatcher (304)
[2022.03.04-19.45.33:102][242]LogModuleManager: Shutting down and abandoning module ContentBrowserData (301)
[2022.03.04-19.45.33:102][242]LogModuleManager: Shutting down and abandoning module NiagaraCore (296)
[2022.03.04-19.45.33:102][242]LogModuleManager: Shutting down and abandoning module GameplayTagsEditor (294)
[2022.03.04-19.45.33:102][242]LogModuleManager: Shutting down and abandoning module FacialAnimation (292)
[2022.03.04-19.45.33:102][242]LogModuleManager: Shutting down and abandoning module AssetManagerEditor (290)
[2022.03.04-19.45.33:102][242]LogModuleManager: Shutting down and abandoning module TreeMap (289)
[2022.03.04-19.45.33:102][242]LogModuleManager: Shutting down and abandoning module PropertyAccessNode (286)
[2022.03.04-19.45.33:102][242]LogModuleManager: Shutting down and abandoning module AnimationSharing (284)
[2022.03.04-19.45.33:103][242]LogModuleManager: Shutting down and abandoning module GameplayCameras (282)
[2022.03.04-19.45.33:103][242]LogModuleManager: Shutting down and abandoning module EnvironmentQueryEditor (280)
[2022.03.04-19.45.33:103][242]LogModuleManager: Shutting down and abandoning module LightPropagationVolumeRuntime (278)
[2022.03.04-19.45.33:103][242]LogModuleManager: Shutting down and abandoning module Paper2D (276)
[2022.03.04-19.45.33:103][242]LogModuleManager: Shutting down and abandoning module WindowsMoviePlayer (274)
[2022.03.04-19.45.33:104][242]LogModuleManager: Shutting down and abandoning module WebMMoviePlayer (272)
[2022.03.04-19.45.33:104][242]LogModuleManager: Shutting down and abandoning module NetworkReplayStreaming (270)
[2022.03.04-19.45.33:104][242]LogModuleManager: Shutting down and abandoning module PacketHandler (268)
[2022.03.04-19.45.33:104][242]LogModuleManager: Shutting down and abandoning module ClothingSystemEditor (266)
[2022.03.04-19.45.33:104][242]LogModuleManager: Shutting down and abandoning module ClothingSystemRuntimeNv (264)
[2022.03.04-19.45.33:104][242]LogModuleManager: Shutting down and abandoning module MediaAssets (262)
[2022.03.04-19.45.33:104][242]LogModuleManager: Shutting down and abandoning module Overlay (260)
[2022.03.04-19.45.33:104][242]LogModuleManager: Shutting down and abandoning module OverlayEditor (259)
[2022.03.04-19.45.33:104][242]LogModuleManager: Shutting down and abandoning module VREditor (256)
[2022.03.04-19.45.33:104][242]LogModuleManager: Shutting down and abandoning module StringTableEditor (254)
[2022.03.04-19.45.33:104][242]LogModuleManager: Shutting down and abandoning module GameplayTasksEditor (252)
[2022.03.04-19.45.33:104][242]LogModuleManager: Shutting down and abandoning module BehaviorTreeEditor (250)
[2022.03.04-19.45.33:104][242]LogModuleManager: Shutting down and abandoning module FunctionalTesting (248)
[2022.03.04-19.45.33:104][242]LogModuleManager: Shutting down and abandoning module CollisionAnalyzer (246)
[2022.03.04-19.45.33:104][242]LogModuleManager: Shutting down and abandoning module WorkspaceMenuStructure (245)
[2022.03.04-19.45.33:104][242]LogModuleManager: Shutting down and abandoning module UMG (242)
[2022.03.04-19.45.33:104][242]LogModuleManager: Shutting down and abandoning module UMGEditor (241)
[2022.03.04-19.45.33:104][242]LogModuleManager: Shutting down and abandoning module Sequencer (240)
[2022.03.04-19.45.33:105][242]LogModuleManager: Shutting down and abandoning module MessageLog (237)
[2022.03.04-19.45.33:105][242]LogModuleManager: Shutting down and abandoning module SlateReflector (232)
[2022.03.04-19.45.33:105][242]LogModuleManager: Shutting down and abandoning module Slate (230)
[2022.03.04-19.45.33:105][242]LogModuleManager: Shutting down and abandoning module SlateCore (228)
[2022.03.04-19.45.33:107][242]LogModuleManager: Shutting down and abandoning module LandscapeEditorUtilities (226)
[2022.03.04-19.45.33:107][242]LogModuleManager: Shutting down and abandoning module UnrealEd (224)
[2022.03.04-19.45.33:107][242]LogModuleManager: Shutting down and abandoning module MRMesh (222)
[2022.03.04-19.45.33:107][242]LogModuleManager: Shutting down and abandoning module Messaging (220)
[2022.03.04-19.45.33:107][242]LogModuleManager: Shutting down and abandoning module SourceCodeAccess (218)
[2022.03.04-19.45.33:107][242]LogModuleManager: Shutting down and abandoning module HeadMountedDisplay (216)
[2022.03.04-19.45.33:107][242]LogModuleManager: Shutting down and abandoning module XAudio2 (214)
[2022.03.04-19.45.33:107][242]LogModuleManager: Shutting down and abandoning module Networking (212)
[2022.03.04-19.45.33:107][242]LogModuleManager: Shutting down and abandoning module Core (210)
[2022.03.04-19.45.33:107][242]LogModuleManager: Shutting down and abandoning module MaterialEditor (208)
[2022.03.04-19.45.33:107][242]LogModuleManager: Shutting down and abandoning module MovieSceneTools (206)
[2022.03.04-19.45.33:107][242]LogModuleManager: Shutting down and abandoning module EditorStyle (205)
[2022.03.04-19.45.33:108][242]LogModuleManager: Shutting down and abandoning module KismetCompiler (202)
[2022.03.04-19.45.33:109][242]LogModuleManager: Shutting down and abandoning module MeshBuilder (200)
[2022.03.04-19.45.33:109][242]LogModuleManager: Shutting down and abandoning module MeshUtilities (198)
[2022.03.04-19.45.33:109][242]LogModuleManager: Shutting down and abandoning module MeshMergeUtilities (197)
[2022.03.04-19.45.33:109][242]LogModuleManager: Shutting down and abandoning module MeshReductionInterface (196)
[2022.03.04-19.45.33:109][242]LogModuleManager: Shutting down and abandoning module MeshBoneReduction (195)
[2022.03.04-19.45.33:109][242]LogModuleManager: Shutting down and abandoning module SkeletalMeshReduction (193)
[2022.03.04-19.45.33:109][242]LogModuleManager: Shutting down and abandoning module ProxyLODMeshReduction (191)
[2022.03.04-19.45.33:109][242]LogModuleManager: Shutting down and abandoning module QuadricMeshReduction (189)
[2022.03.04-19.45.33:109][242]LogModuleManager: Shutting down and abandoning module MaterialBaking (185)
[2022.03.04-19.45.33:109][242]LogModuleManager: Shutting down and abandoning module NullInstallBundleManager (180)
[2022.03.04-19.45.33:109][242]LogModuleManager: Shutting down and abandoning module PIEPreviewDeviceProfileSelector (178)
[2022.03.04-19.45.33:109][242]LogModuleManager: Shutting down and abandoning module DerivedDataCache (176)
[2022.03.04-19.45.33:109][242]LogModuleManager: Shutting down and abandoning module TargetPlatform (174)
[2022.03.04-19.45.33:109][242]LogModuleManager: Shutting down and abandoning module VulkanShaderFormat (173)
[2022.03.04-19.45.33:110][242]LogModuleManager: Shutting down and abandoning module ShaderFormatVectorVM (171)
[2022.03.04-19.45.33:110][242]LogModuleManager: Shutting down and abandoning module ShaderFormatOpenGL (169)
[2022.03.04-19.45.33:110][242]LogModuleManager: Shutting down and abandoning module ShaderFormatD3D (167)
[2022.03.04-19.45.33:110][242]LogModuleManager: Shutting down and abandoning module MetalShaderFormat (165)
[2022.03.04-19.45.33:110][242]LogModuleManager: Shutting down and abandoning module TextureFormatOodle (163)
[2022.03.04-19.45.33:110][242]LogModuleManager: Shutting down and abandoning module TextureFormatUncompressed (161)
[2022.03.04-19.45.33:110][242]LogModuleManager: Shutting down and abandoning module TextureFormatPVR (159)
[2022.03.04-19.45.33:110][242]LogModuleManager: Shutting down and abandoning module TextureFormatETC2 (157)
[2022.03.04-19.45.33:110][242]LogModuleManager: Shutting down and abandoning module TextureFormatDXT (155)
[2022.03.04-19.45.33:110][242]LogModuleManager: Shutting down and abandoning module TextureFormatIntelISPCTexComp (153)
[2022.03.04-19.45.33:110][242]LogModuleManager: Shutting down and abandoning module TextureFormatASTC (151)
[2022.03.04-19.45.33:110][242]LogModuleManager: Shutting down and abandoning module ImageWrapper (150)
[2022.03.04-19.45.33:110][242]LogModuleManager: Shutting down and abandoning module AudioFormatOpus (147)
[2022.03.04-19.45.33:110][242]LogModuleManager: Shutting down and abandoning module AudioFormatOgg (145)
[2022.03.04-19.45.33:110][242]LogModuleManager: Shutting down and abandoning module AudioFormatADPCM (143)
[2022.03.04-19.45.33:110][242]LogModuleManager: Shutting down and abandoning module WindowsServerTargetPlatform (141)
[2022.03.04-19.45.33:110][242]LogModuleManager: Shutting down and abandoning module WindowsClientTargetPlatform (139)
[2022.03.04-19.45.33:110][242]LogModuleManager: Shutting down and abandoning module WindowsTargetPlatform (137)
[2022.03.04-19.45.33:110][242]LogModuleManager: Shutting down and abandoning module WindowsNoEditorTargetPlatform (135)
[2022.03.04-19.45.33:110][242]LogModuleManager: Shutting down and abandoning module D3D11RHI (132)
[2022.03.04-19.45.33:110][242]LogModuleManager: Shutting down and abandoning module InputCore (130)
[2022.03.04-19.45.33:110][242]LogModuleManager: Shutting down and abandoning module Settings (128)
[2022.03.04-19.45.33:110][242]LogModuleManager: Shutting down and abandoning module PhysXCooking (126)
[2022.03.04-19.45.33:110][242]LogModuleManager: Shutting down and abandoning module Chaos (124)
[2022.03.04-19.45.33:110][242]LogModuleManager: Shutting down and abandoning module WindowsPlatformFeatures (122)
[2022.03.04-19.45.33:110][242]LogModuleManager: Shutting down and abandoning module GameplayMediaEncoder (121)
[2022.03.04-19.45.33:110][242]LogModuleManager: Shutting down and abandoning module AVEncoder (120)
[2022.03.04-19.45.33:110][242]LogModuleManager: Shutting down and abandoning module SteamVRInputDevice (116)
[2022.03.04-19.45.33:110][242]LogModuleManager: Shutting down and abandoning module SteamVRInput (114)
[2022.03.04-19.45.33:110][242]LogModuleManager: Shutting down and abandoning module SteamVR (112)
[2022.03.04-19.45.33:110][242]LogHMD: Freeing OpenVRDLLHandle.
[2022.03.04-19.45.33:110][242]LogModuleManager: Shutting down and abandoning module OculusHMD (110)
[2022.03.04-19.45.33:110][242]LogModuleManager: Shutting down and abandoning module OpenXREyeTracker (108)
[2022.03.04-19.45.33:110][242]LogModuleManager: Shutting down and abandoning module LauncherChunkInstaller (106)
[2022.03.04-19.45.33:110][242]LogModuleManager: Shutting down and abandoning module OpenXRHandTracking (104)
[2022.03.04-19.45.33:110][242]LogSlate: Slate User Destroyed.  User Index 0, Is Virtual User: 0
[2022.03.04-19.45.33:110][242]LogModuleManager: Shutting down and abandoning module OpenXRAR (102)
[2022.03.04-19.45.33:110][242]LogModuleManager: Shutting down and abandoning module AugmentedReality (101)
[2022.03.04-19.45.33:110][242]LogModuleManager: Shutting down and abandoning module OpenXRHMD (98)
[2022.03.04-19.45.33:111][242]LogModuleManager: Shutting down and abandoning module ExampleDeviceProfileSelector (96)
[2022.03.04-19.45.33:111][242]LogModuleManager: Shutting down and abandoning module ChunkDownloader (94)
[2022.03.04-19.45.33:111][242]LogModuleManager: Shutting down and abandoning module WmfMedia (92)
[2022.03.04-19.45.33:112][242]LogModuleManager: Shutting down and abandoning module Media (91)
[2022.03.04-19.45.33:112][242]LogModuleManager: Shutting down and abandoning module MediaInfo (90)
[2022.03.04-19.45.33:112][242]LogModuleManager: Shutting down and abandoning module ExrReaderGpu (86)
[2022.03.04-19.45.33:112][242]LogModuleManager: Shutting down and abandoning module OnlineBlueprintSupport (84)
[2022.03.04-19.45.33:112][242]LogModuleManager: Shutting down and abandoning module OnlineSubsystem (80)
[2022.03.04-19.45.33:113][242]LogModuleManager: Shutting down and abandoning module XMPP (75)
[2022.03.04-19.45.33:113][242]LogModuleManager: Shutting down and abandoning module WebSockets (74)
[2022.03.04-19.45.33:120][242]LogModuleManager: Shutting down and abandoning module HTTP (71)
[2022.03.04-19.45.33:120][242]LogHttp: Display: cleaning up 0 outstanding Http requests.
[2022.03.04-19.45.33:141][242]LogModuleManager: Shutting down and abandoning module SSL (70)
[2022.03.04-19.45.33:142][242]LogModuleManager: Shutting down and abandoning module ChaosCloth (66)
[2022.03.04-19.45.33:142][242]LogModuleManager: Shutting down and abandoning module VariantManagerContent (64)
[2022.03.04-19.45.33:142][242]LogModuleManager: Shutting down and abandoning module MLSDK (62)
[2022.03.04-19.45.33:142][242]LogModuleManager: Shutting down and abandoning module MagicLeap (60)
[2022.03.04-19.45.33:142][242]LogModuleManager: Shutting down and abandoning module NiagaraVertexFactories (58)
[2022.03.04-19.45.33:142][242]LogModuleManager: Shutting down and abandoning module NiagaraShader (56)
[2022.03.04-19.45.33:142][242]LogModuleManager: Shutting down and abandoning module DatasmithContent (54)
[2022.03.04-19.45.33:142][242]LogModuleManager: Shutting down and abandoning module PixWinPlugin (52)
[2022.03.04-19.45.33:142][242]LogModuleManager: Shutting down and abandoning module AISupportModule (50)
[2022.03.04-19.45.33:142][242]LogModuleManager: Shutting down and abandoning module DesktopPlatform (48)
[2022.03.04-19.45.33:142][242]LogModuleManager: Shutting down and abandoning module PythonScriptPluginPreload (46)
[2022.03.04-19.45.33:143][242]LogModuleManager: Shutting down and abandoning module PlatformCryptoOpenSSL (44)
[2022.03.04-19.45.33:143][242]LogModuleManager: Shutting down and abandoning module PlatformCryptoTypes (42)
[2022.03.04-19.45.33:143][242]LogModuleManager: Shutting down and abandoning module PlatformCrypto (40)
[2022.03.04-19.45.33:143][242]LogModuleManager: Shutting down and abandoning module OodleDataCompressionFormat (38)
[2022.03.04-19.45.33:143][242]LogModuleManager: Shutting down and abandoning module XGEController (36)
[2022.03.04-19.45.33:143][242]LogModuleManager: Shutting down and abandoning module AnimationModifiers (34)
[2022.03.04-19.45.33:143][242]LogModuleManager: Shutting down and abandoning module AudioEditor (32)
[2022.03.04-19.45.33:143][242]LogModuleManager: Shutting down and abandoning module PropertyEditor (31)
[2022.03.04-19.45.33:143][242]LogModuleManager: Shutting down and abandoning module TextureCompressor (28)
[2022.03.04-19.45.33:143][242]LogModuleManager: Shutting down and abandoning module RenderCore (26)
[2022.03.04-19.45.33:143][242]LogModuleManager: Shutting down and abandoning module Landscape (24)
[2022.03.04-19.45.33:143][242]LogModuleManager: Shutting down and abandoning module SlateRHIRenderer (22)
[2022.03.04-19.45.33:143][242]LogModuleManager: Shutting down and abandoning module AnimGraphRuntime (20)
[2022.03.04-19.45.33:143][242]LogModuleManager: Shutting down and abandoning module Renderer (18)
[2022.03.04-19.45.33:143][242]LogModuleManager: Shutting down and abandoning module Engine (16)
[2022.03.04-19.45.33:143][242]LogModuleManager: Shutting down and abandoning module CoreUObject (14)
[2022.03.04-19.45.33:143][242]LogModuleManager: Shutting down and abandoning module NetworkFile (12)
[2022.03.04-19.45.33:143][242]LogModuleManager: Shutting down and abandoning module CookedIterativeFile (10)
[2022.03.04-19.45.33:143][242]LogModuleManager: Shutting down and abandoning module StreamingFile (8)
[2022.03.04-19.45.33:143][242]LogModuleManager: Shutting down and abandoning module SandboxFile (6)
[2022.03.04-19.45.33:143][242]LogModuleManager: Shutting down and abandoning module PakFile (4)
[2022.03.04-19.45.33:143][242]LogModuleManager: Shutting down and abandoning module RSA (3)
[2022.03.04-19.45.33:301][242]LogContentStreaming: Display: There are 1 unreleased StreamingManagers
[2022.03.04-19.45.33:313][242]LogD3D11RHI: Shutdown
[2022.03.04-19.45.33:313][242]LogD3D11RHI: CleanupD3DDevice
[2022.03.04-19.45.33:316][242]LogExit: Exiting.
[2022.03.04-19.45.33:323][242]Log file closed, 03/04/22 13:45:33
